457
2419
4771
722
2421
405
2524
2425
347
686
2552
818
2550
846
2423
1133
1790
1987
1991
1995
2003
2015
2019
2031
2035
2039
2043
2047
2075
2091
2095
2099
2103
2111
2115
2119
2147
2151
2155
2159
2163
2167
2171
2175
2179
2183
2187
2191
2195
2199
2203
2207
2211
2215
2219
2223
2227
2231
2235
2239
2243
2247
2255
2259
2263
2267
2271
2275
2279
2283
2287
2291
2295
2331
2339
2433
2435
2439
2441
2443
2445
2447
2449
2453
2457
2459
2463
2469
2548
2590
2663
2667
2944
3133
3217
3238
3244
3253
3259
3265
3271
3277
3283
3289
3295
3301
3322
3331
3403
3740
3830
3875
3911
4154
4403
4430
4537
4543
4585
4588
4933
4954
5044
5335
5449
5560
5671
8009
10496
10709
10727
11349
11686
11897
11899
12154
12155
12156
12157
12158
12159
12160
48755
48922
48924
49266
49699
49701
49703
49705
50339
50405
53567
54030
54087
2407
2648
40860
2899
2965
3379
3908
47606
5957
51657
7121
7949
11584
12000
12286
12359
12360
12361
12362
12363
12364
12365
12366
12367
12368
12369
12370
12371
12372
12373
12374
12375
12376
12377
12378
12379
12380
12381
12382
12383
12384
12385
12386
12387
12388
12389
12390
12391
12392
12393
12394
12395
12396
12397
12398
12399
12400
12401
12402
12403
12404
12405
12406
12407
12408
12409
12410
12411
12412
12413
12414
12415
12416
12417
12418
12419
12420
12422
12423
12424
12425
12426
12427
12428
12429
12430
12431
12432
12433
12434
12435
12436
12437
12438
12439
12440
12441
12442
12443
12444
12445
12446
12447
12448
12449
12450
12451
12452
12453
12454
12455
12456
12457
12458
12459
12460
12461
12462
12463
12464
12465
12466
12467
12468
12469
12470
12471
12472
12473
12474
12475
12476
12477
12478
12479
12480
12481
12482
12483
12484
12485
12486
12487
12488
12489
12490
12491
12492
12493
12494
12495
12496
12497
12498
12499
12500
12501
12502
12503
12504
12505
12506
12507
12508
12509
12510
12511
12512
12513
12514
12515
12516
12517
12518
12519
12520
12521
12522
12523
12524
12525
12526
12527
12528
12529
12530
12531
12532
12533
12534
12535
12536
12537
12538
12539
12540
12541
12542
12543
12544
12545
12546
12547
12548
12549
12550
12551
12552
12553
12554
12555
12556
12557
12558
12559
12560
12561
12562
12563
12564
12565
12566
12567
12568
12569
12570
12571
12572
12573
12574
12575
12576
12577
12578
12579
12580
12581
12582
12583
12584
12585
12586
12587
12588
12589
12590
12591
12592
12593
12594
12595
12596
12597
12598
12599
12600
12601
12602
12603
12604
12605
12606
12607
12608
12609
12610
12611
12612
12613
12614
12615
12616
12617
12618
12619
12620
12621
12622
12623
12624
12625
12626
12627
12628
12629
12630
12631
12632
12633
12634
12635
12636
12637
12638
12639
