5717
6065
6071
6092
6098
6104
6107
6110
6116
6122
6131
6134
6137
6140
6146
6152
6155
6158
6161
6167
6176
6179
6182
6185
6188
6191
6194
6197
6200
6203
6212
6215
6218
6224
6230
6233
6239
6242
6245
6251
6254
6257
6260
6263
6269
6272
6275
6278
6281
6284
6287
6290
6293
6299
6302
6305
6308
6311
6314
6317
6320
6323
6326
6329
6332
6335
6338
6347
6350
6353
6356
6359
6365
6371
6374
6377
6380
6386
6389
6392
6398
6401
6404
6407
6419
6422
6425
6428
6431
6437
6440
6443
6446
6449
6452
6455
6458
6461
6464
6467
6470
6473
6476
6479
6482
6488
6491
6497
6503
6509
6554
6560
6563
6584
6590
6593
6599
6608
6611
6620
6623
6626
6629
6632
6635
6638
6641
6647
6653
6656
6665
6668
6674
6677
6680
6683
6686
6689
6692
6695
6698
6701
6704
6707
6710
6716
6743
6746
6749
6752
6755
6758
6761
6764
6767
6770
6773
6776
6782
6788
6791
6794
6797
6800
6803
6806
6809
6815
6818
6821
6824
6833
6836
6839
6842
6845
6848
6851
6854
6860
6863
6866
6869
6875
6878
6881
6884
6887
6890
6893
6896
6899
6902
6905
6908
6911
6914
6929
6932
6953
6956
6959
6962
6965
6968
6971
6974
6983
6986
6989
7004
7010
7013
7016
7019
7022
7025
7028
7031
7040
7043
7049
7052
7055
7058
7061
7064
7070
7073
7076
7079
7082
7085
7088
7091
7097
7100
7103
7106
7109
7112
7118
7127
7130
7133
7136
7139
7142
7145
7151
7154
7157
7160
7163
7169
7172
7175
7178
7181
7184
7187
7190
7193
7196
7199
7202
7205
7208
7211
7214
7217
7220
7223
7229
7232
7235
7241
7247
7250
7256
7262
7265
7274
7277
7292
7295
7298
7301
7304
7307
7310
7313
7319
7322
7328
7340
7346
7349
7358
7361
7364
7367
7370
7373
7379
7388
7391
7397
7400
7403
7406
7409
7412
7415
7418
7421
7424
7427
7430
7439
7445
7448
7454
7460
7463
7466
7469
7472
7475
7478
