73
85
90
98
100
102
103
104
105
106
112
114
122
125
127
128
129
130
136
137
140
143
146
153
158
167
169
170
171
172
174
176
178
180
181
182
185
190
197
200
201
203
206
232
238
239
240
247
248
250
253
256
259
262
272
274
277
278
279
282
284
285
288
289
290
291
293
294
295
296
303
304
305
308
310
311
312
314
315
316
317
323
324
325
326
330
331
337
338
340
342
343
344
346
347
348
351
354
358
362
363
364
365
367
368
369
370
371
372
373
375
376
378
395
397
398
399
402
403
405
406
411
413
414
415
419
424
428
429
430
434
435
436
437
440
442
443
444
445
447
448
451
456
457
459
462
465
467
468
501
528
538
542
543
544
545
549
552
553
554
555
556
557
558
600
601
602
605
606
607
608
610
611
613
615
616
617
619
621
623
624
626
628
629
631
632
635
636
637
638
639
640
641
642
644
647
648
649
650
651
