73
85
90
98
100
102
103
104
105
106
112
114
122
125
127
128
129
130
136
137
140
143
146
153
158
167
169
170
171
172
174
176
178
180
181
182
185
190
197
200
201
203
206
232
238
239
240
247
248
250
253
256
259
262
272
274
277
278
279
282
284
285
288
289
290
291
293
294
295
296
303
304
305
308
310
311
312
314
315
316
317
323
324
325
326
330
331
337
338
340
342
343
344
346
347
348
351
354
358
362
363
364
365
367
368
369
370
371
372
373
375
376
378
395
397
398
399
402
403
405
406
411
413
414
415
419
424
428
429
430
434
435
436
437
440
442
443
444
445
447
448
451
456
457
459
462
465
467
468
501
528
538
542
543
544
545
549
552
553
554
555
556
557
558
600
601
602
605
606
607
608
610
611
613
615
616
617
619
621
623
624
626
628
629
631
632
635
636
637
638
639
640
641
642
644
647
648
649
650
651
652
653
654
655
658
667
675
683
684
685
686
687
688
700
702
704
722
776
778
780
782
784
792
794
802
804
806
810
812
816
818
820
824
826
832
846
848
850
852
858
860
862
866
868
872
874
880
884
886
898
902
908
910
912
914
916
920
924
928
932
940
942
948
950
952
960
962
964
972
974
976
978
984
988
990
995
997
999
1001
1003
1005
1011
1017
1019
1029
1037
1045
1047
1053
1057
1059
1061
1065
1067
1069
1071
1073
1077
1087
1097
1099
1129
1133
1137
1139
1141
1143
1145
1147
1149
1151
1153
1155
1157
1159
1161
1163
1165
1167
1169
1171
1173
1175
1177
1179
1181
1183
1185
1187
1189
1191
1193
1195
1197
1199
1201
1203
1205
1207
1209
1211
1213
1215
1217
1219
1221
1223
1225
1227
1229
1231
1233
1235
1237
1239
1241
1243
1245
1247
1249
1251
1253
1255
1257
1259
1261
1263
1265
1267
1269
1271
1273
1275
1277
1279
1281
1283
1285
1287
1289
1291
1293
1295
1297
1299
1301
1303
1305
1307
1309
1311
1313
1315
1317
1319
1321
1323
1325
1327
1329
1331
1333
1335
1337
1339
1341
1343
1345
1347
1349
1351
1353
1355
1357
1359
1361
1363
1365
1367
1369
1371
1373
1375
1377
1379
1381
1383
1385
1387
1389
1391
1393
1395
1397
1399
1401
1403
1405
1407
1409
1411
1413
1415
1431
1435
1437
1439
1441
1443
1445
1447
1449
1451
1453
1455
1457
1459
1461
1463
1465
1467
1469
1471
1473
1475
1477
1479
1481
1485
1487
1489
1491
1493
1495
1497
1499
1501
1503
1505
1507
1509
1511
1513
1515
1517
1519
1521
1523
1525
1527
1529
1531
1533
1535
1537
1539
1541
1543
1545
1547
1549
1551
1553
1555
1557
1559
1561
1563
1565
1567
1569
1571
1573
1575
1577
1579
1581
1583
1585
1587
1589
1591
1593
1595
1597
1599
1601
1603
1605
1607
1609
1611
1613
1615
1617
1619
1621
1623
1625
1627
1629
1631
1633
1635
1637
1639
1641
1643
1645
1647
1649
1651
1653
1655
1657
1659
1661
1663
1665
1667
1669
1671
1673
1675
1677
1679
1681
1683
1685
1687
1689
1691
1693
1695
1702
1704
1712
1736
1740
1742
1744
1748
1750
1754
1756
1758
1762
1776
1784
1790
1792
1796
1800
1806
1810
1836
1872
1880
1913
1961
1973
1987
1991
1995
2003
2015
2019
2031
2035
2039
2043
2047
2067
2071
2075
2079
2091
2095
2099
2103
2107
2111
2115
2119
2123
2131
2147
2151
2155
2159
2163
2167
2171
2175
2179
2183
2187
2191
2195
2199
2203
2207
2211
2215
2219
2223
2227
2231
2235
2239
2243
2247
2255
2259
2263
2267
2271
2275
2279
2283
2287
2291
2295
2331
2339
2341
2353
2355
2405
2407
2413
2415
2417
2419
2421
2423
2425
2427
2431
2433
2435
2437
2439
2441
2443
2445
2447
2449
2453
2455
2457
2459
2461
2463
2465
2469
2471
2481
2485
2487
2489
2491
2494
2496
2504
2506
2512
2514
2518
2524
2526
2528
2530
2532
2534
2538
2540
2542
2544
2548
2550
2552
2560
2562
2572
2580
2582
2590
2622
2626
2632
2634
2636
2638
2640
2646
2648
2651
2663
2665
2667
2668
2671
2674
2677
2680
2683
2686
2689
2692
2695
2698
2701
2704
2707
2734
2740
2743
2746
2761
2764
2773
2791
2797
2851
2860
2863
2866
2875
2881
2893
2899
2917
2944
2965
2974
2986
3010
3013
3022
3034
3037
3133
3136
3166
3175
3181
3184
3190
3196
3217
3238
3244
3253
3259
3265
3271
3277
3283
3289
3295
3301
3313
3316
3322
3331
3334
3337
3340
3343
3346
3349
3352
3355
3358
3361
3364
3367
3370
3373
3376
3379
3382
3388
3391
3403
3412
3415
3454
3463
3487
3490
3592
3601
3604
3717
3734
3740
3749
3755
3758
3761
3764
3770
3773
3779
3785
3788
3791
3794
3797
3800
3806
3818
3821
3830
3851
3854
3860
3866
3869
3875
3887
3902
3908
3911
3914
3962
3965
4022
4025
4031
4052
4058
4124
4133
4139
4148
4154
4235
4304
4370
4403
4424
4430
4435
4483
4519
4522
4537
4543
4585
4588
4600
4729
4735
4741
4771
4789
4792
4798
4801
4804
4807
4810
4813
4819
4822
4825
4828
4834
4837
4840
4843
4849
4852
4855
4858
4861
4864
4867
4870
4873
4876
4879
4882
4885
4891
4894
4900
4903
4906
4927
4933
4936
4954
4990
5044
5050
5053
5056
5059
5062
5065
5068
5071
5074
5077
5080
5083
5086
5089
5092
5095
5098
5101
5104
5107
5110
5113
5116
5119
5122
5125
5131
5134
5137
5140
5143
5146
5149
5152
5155
5158
5161
5164
5167
5170
5173
5176
5179
5182
5185
5188
5191
5194
5197
5200
5203
5206
5209
5212
5215
5218
5221
5224
5227
5230
5233
5236
5239
5242
5245
5248
5251
5254
5257
5260
5263
5266
5269
5272
5275
5278
5281
5284
5287
5290
5299
5314
5317
5320
5323
5326
5329
5335
5341
5413
5416
5419
5431
5449
5452
5464
5467
5488
5503
5506
5512
5560
5569
5581
5602
5605
5644
5647
5653
5656
5662
5671
5684
5717
5723
5729
5735
5738
5741
5750
5918
5930
5957
5960
5963
6029
6032
6050
6053
6059
6065
6071
6092
6095
6098
6101
6104
6107
6110
6113
6116
6119
6122
6125
6128
6131
6134
6137
6140
6143
6146
6152
6155
6158
6161
6164
6167
6170
6176
6179
6182
6185
6188
6191
6194
6197
6200
6203
6209
6212
6215
6218
6224
6227
6230
6233
6239
6242
6245
6248
6251
6254
6257
6260
6263
6269
6272
6275
6278
6281
6284
6287
6290
6293
6299
6302
6305
6308
6311
6314
6317
6320
6323
6326
6329
6332
6335
6338
6341
6344
6347
6350
6353
6356
6359
6362
6365
6371
6374
6377
6380
6383
6386
6389
6392
6395
6398
6401
6404
6407
6410
6413
6416
6419
6422
6425
6428
6431
6437
6440
6443
6446
6449
6452
6455
6458
6461
6464
6467
6470
6473
6476
6479
6482
6485
6488
6491
6494
6497
6500
6503
6506
6509
6512
6515
6518
6521
6524
6527
6530
6533
6536
6539
6542
6545
6548
6551
6554
6557
6560
6563
6566
6569
6572
6578
6581
6584
6587
6590
6593
6596
6599
6602
6605
6608
6611
6614
6617
6620
6623
6626
6629
6632
6635
6638
6641
6644
6647
6653
6656
6659
6665
6668
6674
6677
6680
6683
6686
6689
6692
6695
6698
6701
6704
6707
6710
6713
6716
6722
6743
6746
6749
6752
6755
6758
6761
6764
6767
6770
6773
6776
6779
6782
6788
6791
6794
6797
6800
6803
6806
6809
6812
6815
6818
6821
6824
6827
6830
6833
6836
6839
6842
6845
6848
6851
6854
6857
6860
6863
6866
6869
6872
6875
6878
6881
6884
6887
6890
6893
6896
6899
6902
6905
6908
6911
6914
6917
6920
6923
6926
6929
6932
6935
6938
6947
6950
6953
6956
6959
6962
6965
6968
6971
6974
6977
6983
6986
6989
7004
7007
7010
7013
7016
7019
7022
7025
7028
7031
7034
7037
7040
7043
7046
7049
7052
7055
7058
7061
7064
7067
7070
7073
7076
7079
7082
7085
7088
7091
7094
7097
7100
7103
7106
7109
7112
7115
7118
7121
7124
7127
7130
7133
7136
7139
7142
7145
7148
7151
7154
7157
7160
7163
