5717
6065
6071
6092
6098
6104
6107
6110
6116
6122
6131
6134
6137
6140
6146
6152
6155
6158
6161
6167
6176
6179
6182
6185
6188
6191
6194
6197
6200
6203
6212
6215
6218
6224
6230
6233
6239
6242
6245
6251
6254
6257
6260
6263
6269
6272
6275
6278
6281
6284
6287
6290
6293
6299
6302
6305
6308
6311
6314
6317
6320
6323
6326
6329
6332
6335
6338
6347
6350
6353
6356
6359
6365
6371
6374
6377
6380
6386
6389
6392
6398
6401
6404
6407
6419
6422
6425
6428
6431
6437
6440
6443
6446
6449
6452
6455
6458
6461
6464
6467
6470
6473
6476
6479
6482
6488
6491
6497
6503
6509
6554
6560
6563
6584
6590
6593
6599
6608
6611
6620
6623
6626
6629
6632
6635
6638
6641
6647
6653
6656
6665
6668
6674
6677
6680
6683
6686
6689
6692
6695
6698
6701
6704
6707
6710
6716
6743
6746
6749
6752
6755
6758
6761
6764
6767
6770
6773
6776
6782
6788
6791
6794
6797
6800
6803
6806
6809
6815
6818
6821
6824
6833
6836
6839
6842
6845
6848
6851
6854
6860
6863
6866
6869
6875
6878
6881
6884
6887
6890
6893
6896
6899
6902
6905
6908
6911
6914
6929
6932
6953
6956
6959
6962
6965
6968
6971
6974
6983
6986
6989
7004
7010
7013
7016
7019
7022
7025
7028
7031
7040
