73
85
90
98
100
102
103
104
105
106
112
114
122
125
127
128
129
130
136
137
140
143
146
153
158
167
169
170
171
172
174
176
178
180
181
182
185
190
197
200
201
203
206
232
238
239
240
247
248
250
253
256
259
262
272
274
277
278
279
282
284
285
288
289
290
291
293
294
295
296
303
304
305
308
310
311
312
314
315
316
317
323
324
325
326
330
331
337
338
340
342
343
344
346
347
348
351
354
358
362
363
364
365
367
368
369
370
371
372
373
375
376
378
395
397
398
399
402
403
405
406
411
413
414
415
419
424
428
429
430
434
435
436
437
440
442
443
444
445
447
448
451
456
457
459
462
465
467
468
501
528
538
542
543
544
545
549
552
553
554
555
556
557
558
600
601
602
605
606
607
608
610
611
613
615
616
617
619
621
623
624
626
628
629
631
632
635
636
637
638
639
640
641
642
644
647
648
649
650
651
652
653
654
655
658
667
675
683
684
685
686
687
688
700
702
704
722
776
778
780
782
784
792
794
802
804
806
810
812
816
818
820
824
826
832
846
848
850
852
858
860
862
866
868
872
874
880
884
886
898
902
908
910
912
914
916
920
924
928
932
940
942
948
950
952
960
962
964
972
974
976
978
984
988
990
995
997
999
1001
1003
1005
1011
1017
1019
1029
1037
1045
1047
1053
1057
1059
1061
1065
1067
1069
1071
1073
1077
1087
1097
1099
1129
1133
1137
1139
1141
1143
1145
1147
1149
1151
1153
1155
1157
1159
1161
1163
1165
1167
1169
1171
1173
1175
1177
1179
1181
1183
1185
1187
1189
1191
1193
1195
1197
1199
1201
1203
1205
1207
1209
1211
1213
1215
1217
1219
1221
1223
1225
1227
1229
1231
1233
1235
1237
1239
1241
1243
1245
1247
1249
1251
1253
1255
1257
1259
1261
1263
1265
1267
1269
1271
1273
1275
1277
1279
1281
1283
1285
1287
1289
1291
1293
1295
1297
1299
1301
1303
1305
1307
1309
1311
1313
1315
1317
1319
1321
1323
1325
1327
1329
1331
1333
1335
1337
1339
1341
1343
1345
1347
1349
1351
1353
1355
1357
1359
1361
1363
1365
1367
1369
1371
1373
1375
1377
1379
1381
1383
1385
1387
1389
1391
1393
1395
1397
1399
1401
1403
1405
1407
1409
1411
1413
1415
1431
1435
1437
1439
1441
1443
1445
1447
1449
1451
1453
1455
1457
1459
1461
1463
1465
1467
1469
1471
1473
1475
1477
1479
1481
1485
1487
1489
1491
1493
1495
1497
1499
1501
1503
1505
1507
1509
1511
1513
1515
1517
1519
1521
1523
1525
1527
1529
1531
1533
1535
1537
1539
1541
1543
1545
1547
1549
1551
1553
1555
1557
1559
1561
1563
1565
1567
1569
1571
1573
1575
1577
1579
1581
1583
1585
1587
1589
1591
1593
1595
1597
1599
1601
1603
1605
1607
1609
1611
1613
1615
1617
1619
1621
1623
1625
1627
1629
1631
1633
1635
1637
1639
1641
1643
1645
1647
1649
1651
1653
1655
1657
1659
1661
1663
1665
1667
1669
1671
1673
1675
1677
1679
1681
1683
1685
1687
1689
1691
1693
1695
1702
1704
1712
1736
1740
1742
1744
1748
1750
1754
1756
1758
1762
1776
1784
1790
1792
1796
1800
1806
1810
1836
1872
1880
1913
1961
1973
1987
1991
1995
2003
2015
2019
2031
2035
2039
2043
2047
2067
2071
2075
2079
2091
2095
2099
2103
2107
2111
2115
2119
2123
2131
2147
2151
2155
2159
2163
2167
2171
2175
2179
2183
2187
2191
2195
2199
2203
2207
2211
2215
2219
2223
2227
2231
2235
2239
2243
2247
2255
2259
2263
2267
2271
2275
2279
2283
2287
2291
2295
2331
2339
2341
2353
2355
2405
2407
2413
2415
2417
2419
2421
2423
2425
2427
2431
2433
2435
2437
2439
2441
2443
2445
2447
2449
2453
2455
2457
2459
2461
2463
2465
2469
2471
2481
2485
2487
2489
2491
2494
2496
2504
2506
2512
2514
2518
2524
2526
2528
2530
2532
2534
2538
2540
2542
2544
2548
2550
2552
2560
2562
2572
2580
2582
2590
2622
2626
2632
2634
2636
2638
2640
2646
2648
2651
2663
2665
2667
2668
2671
2674
2677
2680
2683
2686
2689
2692
2695
2698
2701
2704
2707
2734
2740
2743
2746
2761
2764
2773
2791
2797
2851
2860
2863
2866
2875
2881
2893
2899
2917
2944
2965
2974
2986
3010
3013
3022
3034
3037
3133
3136
3166
3175
3181
3184
3190
3196
3217
3238
3244
3253
3259
3265
3271
3277
3283
3289
3295
3301
3313
3316
3322
3331
3334
3337
3340
3343
3346
3349
3352
3355
3358
3361
3364
3367
3370
3373
3376
3379
3382
3388
3391
3403
3412
3415
3454
3463
3487
3490
3592
3601
3604
3717
3734
3740
3749
3755
3758
3761
3764
3770
3773
3779
3785
3788
3791
3794
3797
3800
3806
3818
3821
3830
3851
3854
3860
3866
3869
3875
3887
3902
3908
3911
3914
3962
3965
4022
4025
4031
4052
4058
4124
4133
4139
4148
4154
4235
4304
4370
4403
4424
4430
4435
4483
4519
4522
4537
4543
4585
4588
4600
4729
4735
4741
4771
4789
4792
4798
4801
4804
4807
4810
4813
4819
4822
4825
4828
4834
4837
4840
4843
4849
4852
4855
4858
4861
4864
4867
4870
4873
4876
4879
4882
4885
4891
4894
4900
4903
4906
4927
4933
4936
4954
4990
5044
5050
5053
5056
5059
5062
5065
5068
5071
5074
5077
5080
5083
5086
5089
5092
5095
5098
5101
5104
5107
5110
5113
5116
5119
5122
5125
5131
5134
5137
5140
5143
5146
5149
5152
5155
5158
5161
5164
5167
5170
5173
5176
5179
5182
5185
5188
5191
5194
5197
5200
5203
5206
5209
5212
5215
5218
5221
5224
5227
5230
5233
5236
5239
5242
5245
5248
5251
5254
5257
5260
5263
5266
5269
5272
5275
5278
5281
5284
5287
5290
5299
5314
5317
5320
5323
5326
5329
5335
5341
5413
5416
5419
5431
5449
5452
5464
5467
5488
5503
5506
5512
5560
5569
5581
5602
5605
5644
5647
5653
5656
5662
5671
5684
5717
5723
5729
5735
5738
5741
5750
5918
5930
5957
5960
5963
6029
6032
6050
6053
6059
6065
6071
6092
6095
6098
6101
6104
6107
6110
6113
6116
6119
6122
6125
6128
6131
6134
6137
6140
6143
6146
6152
6155
6158
6161
6164
6167
6170
6176
6179
6182
6185
6188
6191
6194
6197
6200
6203
6209
6212
6215
6218
6224
6227
6230
6233
6239
6242
6245
6248
6251
6254
6257
6260
6263
6269
6272
6275
6278
6281
6284
6287
6290
6293
6299
6302
6305
6308
6311
6314
6317
6320
6323
6326
6329
6332
6335
6338
6341
6344
6347
6350
6353
6356
6359
6362
6365
6371
6374
6377
6380
6383
6386
6389
6392
6395
6398
6401
6404
6407
6410
6413
6416
6419
6422
6425
6428
6431
6437
6440
6443
6446
6449
6452
6455
6458
6461
6464
6467
6470
6473
6476
6479
6482
6485
6488
6491
6494
6497
6500
6503
6506
6509
6512
6515
6518
6521
6524
6527
6530
6533
6536
6539
6542
6545
6548
6551
6554
6557
6560
6563
6566
6569
6572
6578
6581
6584
6587
6590
6593
6596
6599
6602
6605
6608
6611
6614
6617
6620
6623
6626
6629
6632
6635
6638
6641
6644
6647
6653
6656
6659
6665
6668
6674
6677
6680
6683
6686
6689
6692
6695
6698
6701
6704
6707
6710
6713
6716
6722
6743
6746
6749
6752
6755
6758
6761
6764
6767
6770
6773
6776
6779
6782
6788
6791
6794
6797
6800
6803
6806
6809
6812
6815
6818
6821
6824
6827
6830
6833
6836
6839
6842
6845
6848
6851
6854
6857
6860
6863
6866
6869
6872
6875
6878
6881
6884
6887
6890
6893
6896
6899
6902
6905
6908
6911
6914
6917
6920
6923
6926
6929
6932
6935
6938
6947
6950
6953
6956
6959
6962
6965
6968
6971
6974
6977
6983
6986
6989
7004
7007
7010
7013
7016
7019
7022
7025
7028
7031
7034
7037
7040
7043
7046
7049
7052
7055
7058
7061
7064
7067
7070
7073
7076
7079
7082
7085
7088
7091
7094
7097
7100
7103
7106
7109
7112
7115
7118
7121
7124
7127
7130
7133
7136
7139
7142
7145
7148
7151
7154
7157
7160
7163
7166
7169
7172
7175
7178
7181
7184
7187
7190
7193
7196
7199
7202
7205
7208
7211
7214
7217
7220
7223
7226
7229
7232
7235
7241
7244
7247
7250
7253
7256
7259
7262
7265
7268
7271
7274
7277
7280
7283
7286
7289
7292
7295
7298
7301
7304
7307
7310
7313
7316
7319
7322
7325
7328
7331
7340
7343
7346
7349
7358
7361
7364
7367
7370
7373
7376
7379
7382
7385
7388
7391
7394
7397
7400
7403
7406
7409
7412
7415
7418
7421
7424
7427
7430
7433
7436
7439
7442
7445
7448
7451
7454
7457
7460
7463
7466
7469
7472
7475
7478
7481
7484
7487
7490
7493
7496
7499
7502
7505
7508
7511
7514
7517
7523
7526
7529
7532
7535
7538
7541
7544
7547
7550
7553
7556
7559
7562
7565
7568
7571
7574
7577
7580
7583
7586
7589
7592
7595
7598
7601
7604
7607
7610
7613
7616
7619
7622
7625
7628
7631
7634
7637
7640
7643
7646
7649
7652
7655
7658
7661
7664
7667
7670
7673
7676
7679
7682
7685
7688
7691
7694
7697
7700
7703
7706
7709
7712
7715
7718
7721
7724
7727
7730
7733
7736
7739
7742
7745
7748
7751
7754
7757
7760
7763
7766
7769
7772
7775
7778
7781
7784
7787
7790
7793
7796
7799
7802
7805
7808
7811
7814
7817
7820
7823
7826
7829
7832
7835
7838
7841
7844
7847
7850
7853
7856
7859
7862
7865
7868
7871
7874
7877
7880
7883
7892
7895
7898
7901
7904
7907
7910
7913
7916
7919
7925
7928
7931
7934
7937
7940
7943
7946
7949
7952
7958
7961
7964
7967
7970
7973
7976
7979
7982
7985
7988
7991
7994
7997
8000
8003
8009
8033
8039
8045
8051
8057
8066
8072
8075
8081
8087
8090
8096
8105
8108
8117
8120
8123
8126
8129
8132
8138
8141
8144
8150
8159
8162
8165
8168
8171
8174
8177
8180
8183
8186
8192
8195
8198
8201
8204
8207
8210
8213
8216
8222
8231
8237
8246
8252
8270
8279
8282
8294
8297
8303
8306
8312
8315
8318
8321
8324
8327
8330
8333
8339
8342
8345
8348
8351
8354
8357
8360
8363
8366
8369
8372
8375
8378
8381
8384
8387
8390
8393
8396
8399
8402
8405
8408
8411
8414
8417
8420
8423
8426
8429
8432
8435
8438
8441
8444
8447
8450
8453
8456
8459
8462
8465
8468
8471
8474
8477
8480
8483
8486
8489
8492
8495
8498
8501
8504
8507
8513
8516
8519
8522
8525
8528
8531
8534
8537
8540
8543
8546
8549
8552
8555
8558
8561
8570
8573
8576
8579
8582
8585
8588
8591
8594
8597
8600
8603
8606
8609
8612
8615
8618
8621
8624
8627
8630
8633
8636
8639
8642
8645
8648
8651
8654
8657
8660
8663
8666
8672
8675
8678
8681
8684
8687
8690
8693
8696
8699
8702
8705
8708
8711
8714
8717
8720
8723
8726
8729
8732
8735
8738
8741
8744
8747
8750
8753
8756
8759
8762
8765
8768
8771
8774
8777
8780
8783
8786
8789
8792
8795
8798
8801
8804
8807
8810
8813
8816
8819
8822
8825
8828
8831
8834
8837
8840
8843
8846
8849
8852
8855
8858
8861
8864
8867
8870
8873
8876
8879
8882
8885
8888
8891
8894
8897
8900
8903
8906
8909
8912
8918
8921
8924
8927
8930
8933
8936
8939
8942
8945
8948
8951
8954
8957
8960
8963
8966
8969
8972
8975
8978
8981
8984
8987
8990
8996
8999
9008
9011
9020
9026
9029
9032
9038
9041
9050
9053
9056
9071
9074
9077
9089
9092
9095
9098
9101
9107
9113
9125
9155
9158
9170
9173
9176
9194
9209
9215
9221
9227
9233
9239
9245
9248
9251
9257
9263
9269
9275
9278
9287
9293
9296
9311
9323
9326
9329
9335
9338
9344
9350
9353
9356
9362
9368
9377
9395
9398
9410
9416
9422
9428
9437
9446
9452
9485
9512
9518
9524
9527
9530
9533
9539
9545
9551
9554
9557
9560
9587
9593
9599
9602
9608
9611
9620
9626
9647
9650
9656
9683
9719
10466
10472
10478
10484
10487
10496
10505
10508
10511
10514
10517
10592
10595
10601
10625
10640
10643
10649
10652
10655
10658
10664
10688
10691
10694
10703
10709
10727
10730
10736
10740
10764
10767
10770
10773
10779
10782
10788
10797
10812
10818
10830
10836
10839
10842
10848
10857
10860
10863
10866
10872
10875
10878
10881
10893
10896
10899
10902
10905
10911
10914
10917
10920
10926
10929
10932
10935
10938
10962
10965
10968
10971
10977
10992
10995
10998
11001
11004
11007
11010
11013
11016
11019
11022
11025
11028
11031
11034
11037
11040
11043
11046
11049
11052
11055
11058
11061
11064
11067
11070
11079
11085
11088
11091
11097
11106
11112
11118
11121
11124
11133
11136
11142
11145
11151
11160
11163
11166
11169
11172
11175
11178
11181
11184
11187
11190
11193
11196
11199
11202
11205
11208
11211
11214
11226
11235
11241
11253
11256
11259
11274
11289
11313
11316
11319
11340
11349
11361
11373
11382
11388
11391
11394
11397
11400
11403
11406
11409
11412
11415
11421
11439
11442
11487
11488
11489
11492
11493
11494
11497
11498
11499
11500
11503
11506
11507
11508
11509
11510
11511
11512
11513
11514
11515
11518
11523
11524
11525
11528
11532
11539
11545
11547
11551
11557
11559
11560
11563
11564
11565
11573
11582
11584
11585
11587
11588
11589
11590
11591
11593
11595
11602
11603
11604
11605
11606
11607
11608
11609
11610
11611
11612
11613
11615
11618
11620
11621
11627
11628
11629
11641
11681
11682
11683
11684
11686
11702
11703
11705
11709
11710
11716
11723
11724
11728
11739
11740
11741
11742
11745
11747
11749
11752
11754
11755
11761
11762
11763
11764
11765
11766
11767
11769
11770
11771
11772
11773
11774
11775
11776
11777
11778
11779
11780
11781
11783
11784
11785
11786
11787
11788
11789
11790
11791
11792
11793
11794
11795
11796
11797
11798
11799
11800
11801
11802
11803
11804
11805
11806
11807
11808
11809
11811
11818
11819
11820
11821
11853
11856
11857
11858
11860
11869
11870
11871
11872
11873
11874
11875
11877
11878
11881
11883
11884
11885
11886
11887
11888
11889
11890
11894
11897
11899
11900
11901
11903
11904
11905
11907
11908
11910
11911
11912
11913
11915
11917
11918
11919
11920
11921
11922
11923
11924
11925
11926
11927
11928
11929
11930
11931
11932
11933
11934
11935
11936
11937
11938
11939
11940
11941
11942
11943
11944
11945
11946
11947
11948
11949
11950
11951
11952
11953
11954
11955
11956
11957
11958
11959
11960
11961
11962
11963
11964
11965
11966
11967
11968
11969
11970
11971
11972
11973
11974
11975
11976
11977
11978
11979
11980
11982
11984
11985
11986
11987
11988
11989
11990
11991
11992
11994
11995
11998
12000
12001
12002
12003
12004
12006
12007
12008
12009
12011
12012
12013
12014
12015
12016
12017
12020
12021
12022
12023
12026
12028
12029
12030
12032
12034
12039
12040
12041
12042
12043
12044
12045
12046
12047
12048
12049
12050
12051
12052
12053
12054
12055
12056
12057
12058
12059
12060
12061
12062
12063
12064
12065
12066
12067
12068
12069
12070
12071
12072
12073
12074
12075
12076
12077
12078
12079
12080
12081
12082
12083
12084
12085
12086
12087
12088
12089
12090
12091
12092
12094
12095
12096
12097
12098
12099
12100
12101
12102
12103
12104
12105
12106
12107
12108
12109
12110
12111
12113
12114
12115
12118
12119
12121
12122
12124
12147
12148
12150
12152
12153
12154
12155
12156
12157
12158
12159
12160
12161
12163
12164
12165
12166
12167
12169
12170
12171
12172
12173
12174
12175
12176
12177
12178
12179
12180
12181
12182
12183
12184
12185
12186
12187
12188
12191
12192
12193
12194
12195
12196
12197
12198
12199
12200
12201
12202
12203
12204
12205
12206
12207
12208
12209
12210
12211
12212
12213
12214
12215
12216
12218
12219
12220
12221
12222
12223
12235
12236
12237
12238
12239
12240
12241
12242
12243
12244
12245
12246
12247
12248
12249
12250
12251
12252
12253
12254
12255
12256
12257
12258
12259
12260
12261
12272
12273
12274
12276
12277
12278
12279
12282
12283
12284
12285
12286
12287
12292
12293
12294
12295
12296
12301
12313
12314
12315
12316
12317
12318
12319
12320
12324
12325
12326
12327
12328
12329
12330
12331
12332
12333
12334
12335
12336
12337
12338
12339
12340
12341
12342
12343
12344
12345
12346
12347
12348
12349
12351
12354
12359
12360
12361
12362
12363
12364
12365
12366
12367
12368
12369
12370
12371
12372
12373
12374
12375
12376
12377
12378
12379
12380
12381
12382
12383
12384
12385
12386
12387
12388
12389
12390
12391
12392
12393
12394
12395
12396
12397
12398
12399
12400
12401
12402
12403
12404
12405
12406
12407
12408
12409
12410
12411
12412
12413
12414
12415
12416
12417
12418
12419
12420
12421
12422
12423
12424
12425
12426
12427
12428
12429
12430
12431
12432
12433
12434
12435
12436
12437
12438
12439
12440
12441
12442
12443
12444
12445
12446
12447
12448
12449
12450
12451
12452
12453
12454
12455
12456
12457
12458
12459
12460
12461
12462
12463
12464
12465
12466
12467
12468
12469
12470
12471
12472
12473
12474
12475
12476
12477
12478
12479
12480
12481
12482
12483
12484
12485
12486
12487
12488
12489
12490
12491
12492
12493
12494
12495
12496
12497
12498
12499
12500
12501
12502
12503
12504
12505
12506
12507
12508
12509
12510
12511
12512
12513
12514
12515
12516
12517
12518
12519
12520
12521
12522
12523
12524
12525
12526
12527
12528
12529
12530
12531
12532
12533
12534
12535
12536
12537
12538
12539
12540
12541
12542
12543
12544
12545
12546
12547
12548
12549
12550
12551
12552
12553
12554
12555
12556
12557
12558
12559
12560
12561
12562
12563
12564
12565
12566
12567
12568
12569
12570
12571
12572
12573
12574
12575
12576
12577
12578
12579
12580
12581
12582
12583
12584
12585
12586
12587
12588
12589
12590
12591
12592
12593
12594
12595
12596
12597
12598
12599
12600
12601
12602
12603
12604
12605
12606
12607
12608
12609
12610
12611
12612
12613
12614
12615
12616
12617
12618
12619
12620
12621
12622
12623
12624
12625
12626
12627
12628
12629
12630
12631
12632
12633
12634
12635
12636
12637
12638
12639
12640
12641
12642
12643
12644
12645
12646
12647
12648
12649
12650
12651
12652
12653
12654
12655
12656
12657
12658
12659
12660
12661
12662
12663
12664
12665
12666
12667
12668
12669
12670
12671
12672
12673
12674
12675
12676
12677
12678
12679
12680
12681
12682
12683
12684
12685
12686
12687
12688
12689
12690
12691
12692
12693
12694
12695
12696
12697
12698
12699
12700
12701
12702
12703
12704
12705
12706
12707
12708
12709
12710
12711
12712
12713
12714
12715
12716
12717
12718
12719
12720
12721
12722
12723
12724
12725
12726
12727
12728
12729
12730
12731
12732
12733
12734
12735
12736
12737
12738
12739
12740
12741
12742
12743
12744
12745
12746
12747
12748
12749
12750
12751
12752
12753
12754
12755
12756
12757
12758
12759
12760
12761
12762
12763
12764
12765
12766
12767
12768
12769
12770
12771
12772
12773
12774
12775
12776
12777
12778
12779
12780
12781
12782
12783
12784
12785
12786
12787
12788
12789
12790
12791
12792
12793
12794
12795
12796
12797
12798
12799
12800
12801
12802
12803
12804
12805
12806
12807
12808
12809
12810
12811
12812
12813
12814
12815
12816
12817
12818
12819
12820
12821
12822
12823
12824
12825
12826
12827
12828
12829
12830
12831
12832
12833
12834
12835
12836
12837
12838
12839
12840
12841
12842
12843
12844
12845
12846
12847
12848
12849
12850
12851
12852
12853
12854
12855
12856
12857
12858
12859
12860
12861
12862
12863
12864
12865
12866
12867
12868
12869
12870
12871
12872
12873
12874
12875
12876
12877
12878
12879
12880
12881
12882
12883
12884
12885
12886
12887
12888
12889
12890
12891
12892
12893
12894
12895
12896
12897
12898
12899
12900
12901
12902
12903
12904
12905
12906
12907
12908
12909
12910
12911
12912
12913
12914
12915
12916
12917
12918
12919
12920
12921
12922
12923
12924
12925
12926
12927
12928
12929
12930
12931
12932
12933
12934
12935
12936
12937
12938
12939
12940
12941
12942
12943
12944
12945
12946
12947
12948
12949
12950
12951
12952
12953
12954
12955
12956
12957
12958
12959
12960
12961
12962
12963
12964
12965
12966
12967
12968
12969
12970
12971
12972
12973
12974
12975
12976
12977
12978
12979
12980
12981
12982
12983
12984
12985
12986
12987
12988
12989
12990
12991
12992
12993
12994
12995
12996
12997
12998
12999
13000
13001
13002
13003
13004
13005
13006
13007
13008
13009
13010
13011
13012
13013
13014
13015
13016
13017
13018
13019
13020
13021
13022
13023
13024
13025
13026
13027
13028
13029
13030
13031
13032
13033
13034
13035
13036
13037
13038
13039
13040
13041
13042
13043
13044
13045
13046
13047
13048
13049
13050
13051
13052
13053
13054
13055
13056
13057
13058
13059
13060
13061
13062
13063
13064
13065
13066
13067
13068
13069
13070
13071
13072
13073
13074
13075
13076
13077
13078
13079
13080
13081
13082
13083
13084
13085
13086
13087
13088
13089
13090
13091
13092
13093
13094
13095
13096
13097
13098
13099
13100
13101
13102
13103
13104
13105
13106
13107
13108
13109
13110
13111
13112
13113
13114
13115
13116
13117
13118
13119
13120
13121
13122
13123
13124
13125
13126
13127
13128
13129
13130
13131
13132
13133
13134
13135
13136
13137
13138
13139
13140
13141
13142
13143
13144
13145
13146
13147
13148
13149
13150
13151
13152
13153
13154
13155
13156
13157
13158
13159
13160
13161
13162
13163
13164
13165
13166
13167
13168
13169
13170
13171
13172
13173
13174
13175
13176
13177
13178
13179
13180
13181
13182
13183
13184
13185
13186
13187
13188
13189
13190
13191
13192
13193
13194
13195
13196
13197
13198
13199
13200
13201
13202
13203
13204
13205
13206
13207
13208
13209
13210
13211
13212
13213
13214
13215
13216
13217
13218
13219
13220
13221
13222
13223
13224
13225
13226
13227
13228
13229
13230
13231
13232
13233
13234
13235
13236
13237
13238
13239
13240
13241
13242
13243
13244
13245
13246
13247
13248
13249
13250
13251
13252
13253
13254
13255
13256
13257
13258
13259
13260
13261
13262
13263
13264
13265
13266
13267
13268
13269
13270
13271
13272
13273
13274
13275
13276
13277
13278
13279
13280
13281
13282
13283
13284
13285
13286
13287
13288
13289
13290
13291
13292
13293
13294
13295
13296
13297
13298
13299
13300
13301
13302
13303
13304
13305
13306
13307
13308
13309
13310
13311
13312
13313
13314
13315
13316
13317
13318
13319
13320
13321
13322
13323
13324
13325
13326
13327
13328
13329
13330
13331
13332
13333
13334
13335
13336
13337
13338
13339
13340
13341
13342
13343
13344
13345
13346
13347
13348
13349
13350
13351
13352
13353
13354
13355
13356
13357
13358
13359
13360
13361
13362
13363
13364
13365
13366
13367
13368
13369
13370
13371
13372
13373
13374
13375
13376
13377
13378
13379
13380
13381
13382
13383
13384
13385
13386
13387
13388
13389
13390
13391
13392
13393
13394
13395
13396
13397
13398
13399
13400
13401
13402
13403
13404
13405
13406
13407
13408
13409
13410
13411
13412
13413
13414
13415
13416
13417
13418
13419
13420
13421
13422
13423
13424
13425
13426
13427
13428
13429
13430
13431
13432
13433
13434
13435
13436
13437
13438
13439
13440
13441
13442
13443
13444
13445
13446
13447
13448
13449
13450
13451
13452
13453
13454
13455
13456
13457
13458
13459
13460
13461
13462
13463
13464
13465
13466
13467
13468
13469
13470
13471
13472
13473
13474
13475
13476
13477
13478
13479
13480
13481
13482
13483
13484
13485
13486
13487
13488
13489
13490
13491
13492
13493
13494
13495
13496
13497
13498
13499
13500
13501
13502
13503
13504
13505
13506
13507
13508
13509
13510
13511
13512
13513
13514
13515
13516
13517
13518
13519
13520
13521
13522
13523
13524
13525
13526
13527
13528
13529
13530
13531
13532
13533
13534
13535
13536
13537
13538
13539
13540
13541
13542
13543
13544
13545
13546
13547
13548
13549
13550
13551
13552
13553
13554
13555
13556
13557
13558
13559
13560
13561
13562
13563
13564
13565
13566
13567
13568
13569
13570
13571
13572
13573
13574
13575
13576
13577
13578
13579
13580
13581
13582
13583
13584
13585
13586
13587
13588
13589
13590
13591
13592
13593
13594
13595
13596
13597
13598
13599
13600
13601
13602
13603
13604
13605
13606
13607
13608
13609
13610
13611
13612
13613
13614
13615
13616
13617
13618
13619
13620
13621
13622
13623
13624
13625
13626
13627
13628
13629
13630
13631
13632
13633
13634
13635
13636
13637
13638
13639
13640
13641
13642
13643
13644
13645
13646
13647
13648
13649
13650
13651
13652
13653
13654
13655
13656
13657
13658
13659
13660
13661
13662
13663
13664
13665
13666
13667
13668
13669
13670
13671
13672
13673
13674
13675
13676
13677
13678
13679
13680
13681
13682
13683
13684
13685
13686
13687
13688
13689
13690
13691
13692
13693
13694
13695
13696
13697
13698
13699
13700
13701
13702
13703
13704
13705
13706
13707
13708
13709
13710
13711
13712
13713
13714
13715
13716
13717
13718
13719
13720
13721
13722
13723
13724
13725
13726
13727
13728
13729
13730
13731
13732
13733
13734
13735
13736
13737
13738
13739
13740
13741
13742
13743
13744
13745
13746
13747
13748
13749
13750
13751
13752
13753
13754
13755
13756
13757
13758
13759
13760
13761
13762
13763
13764
13765
13766
13767
13768
13769
13770
13771
13772
13773
13774
13775
13776
13777
13778
13779
13780
13781
13782
13783
13784
13785
13786
13787
13788
13789
13790
13791
13792
13793
13794
13795
13796
13797
13798
13799
13800
13801
13802
13803
13804
13805
13806
13807
13808
13809
13810
13811
13812
13813
13814
13815
13816
13817
13818
13819
13820
13821
13822
13823
13824
13825
13826
13827
13828
13829
13830
13831
13832
13833
13834
13835
13836
13837
13838
13839
13840
13841
13842
13843
13844
13845
13846
13847
13848
13849
13850
13851
13852
13853
13854
13855
13856
13857
13858
13859
13860
13861
13862
13863
13864
13865
13866
13867
13868
13869
13870
13871
13872
13873
13874
13875
13876
13877
13878
13879
13880
13881
13882
13883
13884
13885
13886
13887
13888
13889
13890
13891
13892
13893
13894
13895
13896
13897
13898
13899
13900
13901
13902
13903
13904
13905
13906
13907
13908
13909
13910
13911
13912
13913
13914
13915
13916
13917
13918
13919
13920
13921
13922
13923
13924
13925
13926
13927
13928
13929
13930
13931
13932
13933
13934
13935
13936
13937
13938
13939
13940
13941
13942
13943
13944
13945
13946
13947
13948
13949
13950
13951
13952
13953
13954
13955
13956
13957
13958
13959
13960
13961
13962
13963
13964
13965
13966
13967
13968
13969
13970
13971
13972
13973
13974
13975
13976
13977
13978
13979
13980
13981
13982
13983
13984
13985
13986
13987
13988
13989
13990
13991
13992
13993
13994
13995
13996
13997
13998
13999
14000
14001
14002
14003
14004
14005
14006
14007
14008
14009
14010
14011
14012
14013
14014
14015
14016
14017
14018
14019
14020
14021
14022
14023
14024
14025
14026
14027
14028
14029
14030
14031
14032
14033
14034
14035
14036
14037
14038
14039
14040
14041
14042
14043
14044
14045
14046
14047
14048
14049
14050
14051
14052
14053
14054
14055
14056
14057
14058
14059
14060
14061
14062
14063
14064
14065
14066
14067
14068
14069
14070
14071
14072
14073
14074
14075
14076
14077
14078
14079
14080
14081
14082
14083
14084
14085
14086
14087
14088
14089
14090
14091
14092
14093
14094
14095
14096
14097
14098
14099
14100
14101
14102
14103
14104
14105
14106
14107
14108
14109
14110
14111
14112
14113
14114
14115
14116
14117
14118
14119
14120
14121
14122
14123
14124
14125
14126
14127
14128
14129
14130
14131
14132
14133
14134
14135
14136
14137
14138
14139
14140
14141
14142
14143
14144
14145
14146
14147
14148
14149
14150
14151
14152
14153
14154
14155
14156
14157
14158
14159
14160
14161
14162
14163
14164
14165
14166
14167
14168
14170
14172
14173
14174
14175
14176
14177
14178
14179
14180
14182
14183
14191
14195
14196
14197
14198
14199
14200
14201
14202
14203
14204
14205
14206
14207
14208
14211
14212
14214
14215
14216
14217
14219
14220
14221
14222
14225
14227
14229
14230
14231
14232
14234
14235
14245
14248
14249
14250
14251
14252
14253
14266
14281
14282
14284
14285
14287
14289
14291
14298
14299
14301
14302
14312
14314
14315
14316
14330
14331
14333
14337
14339
14344
14345
14346
14352
14368
14370
14372
14377
14378
14388
14389
14390
14392
14393
14394
14395
14396
14397
14398
14399
14445
14446
14460
14461
14464
14465
14466
14467
14468
14471
14479
14481
14484
14485
14486
14487
14491
14492
14494
14495
14496
14498
14499
14500
14505
14506
14507
14508
14509
14510
14511
14512
14513
14517
14519
14520
14521
14522
14523
14531
14532
14533
14535
14539
14542
14544
14553
14554
14555
14559
14560
14561
14562
14563
14564
14565
14566
14567
14568
14569
14570
14571
14577
14578
14579
14595
14596
14597
14598
14599
14600
14601
14602
14603
14608
14610
14613
14620
14621
14622
14623
14627
14628
27342
27343
27347
27348
27350
27353
27354
27356
27357
27358
27359
27360
27366
27367
27368
27369
27370
27372
27374
27375
27376
27377
27378
27379
27381
27383
27384
27385
27386
27387
27388
27390
27391
27393
27394
27398
27400
27401
27402
27403
27404
27406
27407
27408
27410
27411
27412
27413
27414
27415
27417
27419
27420
27434
27438
27439
27441
27443
27445
27447
27457
27459
27463
27464
27476
27486
27488
27492
27494
27496
27498
27506
27508
27510
27512
27522
27526
27528
27534
27560
27564
27568
27570
27572
27574
27576
27578
27580
27582
27584
27586
27588
27590
27592
27594
27616
27624
27688
27712
27720
27722
27724
27728
27734
27736
27738
27740
27742
27744
27746
27748
27758
27760
27762
27764
27772
27776
27778
27784
27786
27788
27790
27796
27798
27800
27802
27806
27808
27812
27814
27818
27822
27824
27828
27834
27842
27844
27848
27850
27880
27886
27890
27892
27894
27896
27898
27900
27950
27952
27954
27956
27958
27988
27989
27991
27993
27995
27999
28001
28005
28007
28011
28012
28014
28015
28016
28017
28032
28034
28036
28040
28060
28062
28090
28092
28094
28096
28100
28105
28114
28134
28144
28154
28164
28169
28173
28175
28177
28179
28181
28183
28185
28187
28189
28191
28193
28195
28197
28202
28206
28210
28216
28218
28220
28222
28226
28230
28232
28234
28236
28238
28240
28242
28244
28246
28248
28260
28262
28264
28266
28272
28274
28282
28290
28294
28308
28310
28312
28314
28318
28320
28322
28324
28326
28336
28338
28346
28352
28360
28364
28368
28374
28376
28378
28382
28384
28388
28400
28402
28404
28406
28408
28420
28422
28424
28426
28428
28430
28432
28434
28436
28438
28440
28442
28444
28446
28448
28452
28456
28458
28460
28462
28464
28474
28478
28520
28526
28528
28530
28532
28540
28544
28546
28548
28554
28556
28558
28564
28570
28578
28580
28582
28584
28588
28590
28592
28594
28596
28598
28602
28606
28608
28610
28614
28616
28618
28620
28622
28624
28628
28630
28634
28639
28643
28645
28647
28649
28653
28655
28659
29139
29141
29143
29339
29343
29347
29349
29465
29469
29471
29473
29821
30235
30615
30643
30663
31581
31583
31585
31587
31607
31961
31965
31989
32191
32195
32199
32203
32217
32481
32483
32485
32487
32707
32709
32711
32793
32795
32801
32803
32807
32811
32823
32827
32833
32835
32837
32839
32841
32843
32845
32846
32860
32864
32868
32870
32872
32874
32878
32880
32882
32884
32888
32890
32892
32894
32896
32900
32902
32904
32906
32908
32910
32912
32914
32922
32924
32930
32932
32934
32950
32956
32964
32966
32968
32970
32974
32978
32980
32992
32994
32996
32998
33000
33002
33004
33008
33014
33016
33022
33024
33026
33032
33036
33038
33050
33052
33056
33066
33068
33070
33072
33074
33076
33078
33086
33088
33092
33098
33100
33102
33104
33114
33118
33120
33180
33182
33280
33304
33308
33310
33314
33316
33318
33320
33322
33324
33326
33328
33330
33334
33336
33338
33344
33350
33366
33372
33498
33504
33644
33646
33648
33650
33940
33942
33944
33948
33950
33952
33954
33958
33960
33962
33964
33966
33968
33970
33972
33974
33976
33978
33980
33982
33984
33986
33988
33990
33992
33994
33996
34000
34002
34090
34102
34104
34106
34110
34120
34124
34188
34190
34192
34198
34200
34202
34208
34210
34218
34220
34222
34224
34226
34228
34232
34234
34240
34242
34244
34246
34248
34250
34252
34254
34256
34258
34260
34262
34304
34306
34310
34312
34318
34320
34328
34334
34336
34338
34340
34342
34346
34352
34354
34356
34358
34360
34364
34366
34368
34370
34380
34384
34386
34388
34392
34394
34396
34398
34400
34404
34430
34432
34436
34438
34440
34442
34448
34450
34466
34468
34478
34480
34482
34486
34492
34796
34798
35652
35654
35656
35658
35660
35662
35664
35666
35668
35670
35672
35674
35676
35678
35680
35682
35684
35686
35688
35690
35692
35694
35696
35698
35700
35702
35704
35706
35708
35710
35712
35714
35716
35718
35720
35722
35724
35726
35728
35730
35732
35734
35736
35738
35740
35742
35744
35746
35748
35750
35752
35754
35756
35758
35760
35762
35764
35766
35768
35770
35772
35774
35776
35778
35780
35782
35784
35786
35788
35790
35792
35794
35796
35798
35800
35802
35804
35806
35808
35810
35812
35814
35816
35818
35820
35822
35824
35826
35828
35830
35832
35834
35836
35838
35840
35842
35844
35846
35848
35850
35852
35854
35856
35858
35860
35862
35864
35866
35868
35870
35872
35874
35876
35878
35880
35882
35884
35886
35888
35890
35892
35894
35896
35898
35900
35902
35904
35906
35908
35910
35912
35914
35916
35918
35920
35922
35924
35926
35928
35930
35932
35934
35936
35938
35940
35942
35944
35946
35948
35950
35952
35954
35956
35958
35960
35962
35964
35966
35968
35970
35972
35974
35976
35978
35980
35982
35984
35986
35988
35990
35992
35994
35996
35998
36000
36002
36004
36006
36008
36010
36012
36014
36016
36018
36020
36022
36024
36026
36028
36030
36032
36034
36036
36038
36040
36042
36044
36046
36048
36050
36052
36054
36056
36058
36060
36062
36064
36066
36068
36070
36072
36074
36076
36078
36080
36082
36084
36086
36088
36090
36092
36094
36096
36098
36100
36102
36104
36106
36108
36110
36112
36114
36116
36118
36120
36122
36124
36126
36128
36130
36132
36134
36136
36138
36140
36142
36144
36146
36148
36150
36152
36154
36156
36158
36160
36162
36164
36166
36168
36170
36172
36174
36176
36178
36180
36182
36184
36186
36188
36190
36192
36194
36196
36198
36200
36202
36204
36206
36208
36210
36212
36214
36216
36218
36220
36222
36224
36226
36228
36230
36232
36234
36236
36238
36240
36242
36244
36246
36248
36250
36252
36254
36256
36258
36260
36262
36264
36266
36268
36270
36272
36274
36276
36278
36280
36282
36284
36286
36288
36290
36292
36294
36296
36298
36300
36302
36304
36306
36308
36310
36312
36314
36316
36318
36320
36322
36324
36326
36328
36330
36332
36334
36336
36338
36340
36342
36344
36346
36348
36350
36352
36354
36356
36358
36360
36362
36364
36366
36368
36370
36372
36374
36376
36378
36380
36382
36384
36386
36388
36390
36392
36394
36396
36398
36400
36402
36404
36406
36408
36410
36412
36414
36416
36418
36420
36422
36424
36426
36428
36430
36432
36434
36436
36438
36440
36442
36444
36446
36448
36450
36452
36454
36456
36458
36460
36462
36464
36466
36468
36470
36472
36474
36476
36478
36480
36482
36484
36486
36488
36490
36492
36494
36496
36498
36500
36502
36504
36506
36508
36510
36512
36514
36516
36518
36520
36522
36524
36526
36528
36530
36532
36534
36536
36538
36540
36542
36544
36546
36548
36550
36552
36554
36556
36558
36560
36562
36564
36566
36568
36570
36572
36574
36576
36578
36580
36582
36584
36586
36588
36590
36592
36594
36596
36598
36600
36602
36604
36606
36608
36610
36612
36614
36616
36618
36620
36622
36624
36626
36628
36630
36632
36634
36636
36638
36640
36642
36644
36646
36648
36650
36652
36654
36656
36658
36660
36662
36664
36666
36668
36670
36672
36674
36676
36678
36680
36682
36684
36686
36688
36690
36692
36694
36696
36698
36700
36702
36704
36706
36708
36710
36712
36714
36716
36718
36720
36722
36724
36726
36728
36730
36732
36734
36736
36738
36740
36742
36744
36746
36748
36750
36752
36754
36756
36758
36760
36762
36764
36766
36768
36770
36772
36774
36776
36778
36780
36782
36784
36786
36788
36790
36792
36794
36796
36798
36800
36802
36804
36806
36808
36810
36812
36814
36816
36818
36820
36822
36824
36826
36828
36830
36832
36834
36836
36838
36840
36842
36844
36846
36848
36850
36852
36854
36856
36858
36860
36862
36864
36866
36868
36870
36872
36874
36876
36878
36880
36882
36884
36886
36888
36890
36892
36894
36896
36898
36900
36902
36904
36906
36908
36910
36912
36914
36916
36918
36920
36922
36924
36926
36928
36930
36932
36934
36936
36938
36940
36942
36944
36946
36948
36950
36952
36954
36956
36958
36960
36962
36964
36966
36968
36970
36972
36974
36976
36978
36980
36982
36984
36986
36988
36990
36992
36994
36996
36998
37000
37002
37004
37006
37008
37010
37012
37014
37016
37018
37020
37022
37024
37026
37028
37030
37032
37034
37036
37038
37040
37042
37044
37046
37048
37050
37052
37054
37056
37058
37060
37062
37064
37066
37068
37070
37072
37074
37076
37078
37080
37082
37084
37086
37088
37090
37092
37094
37096
37098
37100
37102
37104
37106
37108
37110
37112
37114
37116
37118
37120
37122
37124
37126
37128
37130
37132
37134
37136
37138
37140
37142
37144
37146
37148
37150
37152
37154
37156
37158
37160
37162
37164
37166
37168
37170
37172
37174
37176
37178
37180
37182
37184
37186
37188
37190
37192
37194
37196
37198
37200
37202
37204
37206
37208
37210
37212
37214
37216
37218
37220
37222
37224
37226
37228
37230
37232
37234
37236
37238
37240
37242
37244
37246
37248
37250
37252
37254
37256
37258
37260
37262
37264
37266
37268
37270
37272
37274
37276
37278
37280
37282
37284
37286
37288
37290
37292
37294
37296
37298
37300
37302
37304
37306
37308
37310
37312
37314
37316
37318
37320
37322
37324
37326
37328
37330
37332
37334
37336
37338
37340
37342
37344
37346
37348
37350
37352
37354
37356
37358
37360
37362
37364
37366
37368
37370
37372
37374
37376
37378
37380
37382
37384
37386
37388
37390
37392
37394
37396
37398
37400
37402
37404
37406
37408
37410
37412
37414
37416
37418
37420
37422
37424
37426
37428
37430
37432
37434
37436
37438
37440
37442
37444
37446
37448
37450
37452
37454
37456
37458
37460
37462
37464
37466
37468
37470
37472
37474
37476
37478
37480
37482
37484
37486
37488
37490
37492
37494
37496
37498
37500
37502
37504
37508
37512
37520
37530
37532
37534
37548
37552
37556
37560
37562
37564
37566
37568
37570
37572
37574
37590
37596
37598
37600
37604
37606
37608
37610
37612
37614
37616
37620
37624
37626
37628
37634
37638
37640
37642
37644
37646
37648
37654
37656
37658
37660
37662
37664
37666
37668
37674
37684
37686
37688
37690
37692
37696
37704
37708
37712
37718
37720
37722
37726
37728
37730
37732
37748
37752
37772
37776
37782
37802
37812
37816
37824
37832
37836
37840
37844
37848
37850
37856
37860
37862
37866
37870
37874
37878
37880
37884
37890
37894
37898
37902
37906
37910
37914
37930
37936
37940
37942
37946
37948
37950
37954
37956
37958
37960
37962
37966
37996
38000
38004
38008
38018
38020
38024
38028
38032
38038
38042
38046
38048
38054
38056
38062
38072
38074
38078
38090
38094
38096
38098
38100
38102
38104
38106
38108
38110
38112
38114
38118
38122
38126
38130
38140
38144
38148
38152
38186
38192
38202
38204
38206
38212
38214
38218
38220
38224
38226
38228
38236
38238
38240
38242
38244
38246
38248
38250
38252
38256
38260
38262
38264
38272
38274
38280
38282
38296
38308
38312
38314
38316
38318
38320
38322
38324
38326
38328
38330
38332
38334
38340
38350
38356
38366
38368
38370
38372
38432
38434
38436
38438
38442
38444
38446
38448
38450
38460
38462
38464
38468
38474
38478
38482
38486
38490
38494
38498
38502
38506
38510
38514
38518
38536
38540
38542
38544
38552
38556
38566
38570
38574
38578
38582
38584
38586
38592
38596
38598
38604
38616
38618
38624
38628
38632
38636
38640
38644
38648
38652
38656
38660
38662
38664
38666
38668
38670
38672
38678
38682
38684
38688
38696
38698
38700
38706
38708
38794
38796
38812
38814
38816
38818
38822
38832
38842
38846
38852
38856
38860
38864
38868
38872
38878
38890
38898
38902
38904
38906
38908
38910
38912
38914
38922
38926
38928
38940
38948
38954
38958
38962
38966
38970
38974
38978
38982
38990
38994
38998
39000
39004
39006
39010
39012
39016
39022
39024
39030
39034
39038
39042
39050
39054
39058
39062
39066
39086
39090
39098
39102
39104
39110
39114
39118
39124
39126
39130
39132
39136
39140
39144
39156
39158
39160
39162
39164
39166
39168
39172
39184
39192
39196
39200
39204
39206
39208
39212
39216
39218
39230
39232
39236
39240
39246
39248
39250
39254
39262
39266
39274
39278
39282
39286
39290
39294
39298
39302
39306
39310
39314
39318
39322
39326
39330
39334
39338
39342
39346
39350
39354
39358
39362
39366
39370
39374
39378
39382
39386
39390
39394
39398
39402
39406
39410
39414
39418
39422
39426
39430
39432
39434
39436
39438
39440
39442
39444
39446
39448
39450
39452
39454
39456
39458
39460
39462
39464
39466
39468
39470
39472
39474
39476
39478
39480
39482
39484
39486
39488
39490
39492
39494
39496
39498
39500
39502
39504
39506
39508
39510
39512
39514
39516
39518
39520
39522
39524
39526
39528
39530
39532
39534
39536
39538
39540
39542
39544
39546
39548
39550
39552
39554
39556
39558
39560
39562
39564
39566
39568
39570
39572
39574
39576
39578
39580
39582
39584
39586
39588
39590
39592
39594
39596
39598
39600
39602
39604
39606
39608
39610
39612
39614
39616
39618
39620
39622
39624
39626
39628
39630
39632
39634
39636
39638
39640
39642
39644
39646
39648
39650
39652
39654
39656
39658
39660
39662
39664
39666
39668
39670
39672
39674
39676
39678
39680
39682
39684
39686
39688
39690
39692
39694
39696
39698
39700
39702
39704
39706
39708
39710
39712
39714
39716
39718
39720
39722
39724
39726
39728
39730
39732
39734
39736
39738
39740
39742
39744
39746
39748
39750
39752
39754
39756
39758
39760
39762
39764
39766
39768
39770
39772
39774
39776
39778
39780
39782
39784
39786
39788
39790
39792
39794
39796
39798
39800
39802
39804
39806
39808
39810
39812
39814
39816
39818
39820
39822
39824
39826
39828
39830
39832
39834
39836
39838
39840
39842
39844
39846
39848
39850
39852
39854
39856
39858
39860
39862
39864
39866
39868
39870
39872
39874
39876
39878
39880
39882
39884
39886
39888
39890
39892
39894
39896
39898
39900
39902
39904
39906
39908
39910
39912
39914
39916
39918
39920
39922
39924
39926
39928
39930
39932
39934
39936
39938
39940
39942
39944
39946
39948
39950
39952
39954
39956
39958
39960
39962
39964
39966
39968
39970
39972
39974
39976
39978
39980
39982
39984
39986
39988
39990
39992
39994
39996
39998
40000
40002
40004
40006
40008
40010
40012
40014
40016
40018
40020
40022
40024
40026
40028
40030
40032
40034
40036
40038
40040
40042
40044
40046
40048
40050
40052
40054
40056
40058
40060
40062
40064
40066
40068
40070
40072
40074
40076
40078
40080
40082
40084
40086
40088
40090
40092
40094
40096
40098
40100
40102
40104
40106
40108
40110
40112
40114
40116
40118
40120
40122
40124
40126
40128
40130
40132
40134
40136
40138
40140
40142
40144
40146
40148
40150
40152
40154
40156
40158
40160
40162
40164
40166
40168
40170
40172
40174
40176
40178
40180
40182
40184
40186
40188
40190
40192
40194
40196
40198
40200
40202
40204
40206
40208
40210
40212
40214
40216
40218
40220
40222
40224
40226
40228
40230
40232
40234
40236
40238
40240
40242
40244
40246
40248
40250
40252
40254
40256
40258
40260
40262
40264
40266
40268
40270
40272
40274
40276
40278
40280
40282
40284
40286
40288
40290
40292
40294
40296
40298
40300
40302
40304
40306
40308
40310
40312
40314
40316
40318
40320
40322
40324
40326
40328
40330
40332
40334
40336
40338
40340
40342
40344
40346
40348
40350
40352
40354
40356
40358
40360
40362
40364
40366
40368
40370
40372
40374
40376
40378
40380
40382
40384
40386
40388
40390
40392
40394
40396
40398
40400
40402
40404
40406
40408
40410
40412
40414
40416
40418
40420
40422
40424
40426
40428
40430
40432
40434
40442
40446
40448
40452
40456
40460
40464
40468
40472
40482
40484
40486
40492
40498
40506
40510
40514
40518
40522
40526
40530
40534
40538
40542
40546
40550
40552
40554
40556
40564
40580
40592
40602
40610
40614
40618
40630
40632
40634
40636
40638
40640
40642
40644
40646
40648
40650
40654
40656
40658
40660
40662
40664
40666
40670
40682
40686
40688
40690
40692
40696
40700
40702
40704
40706
40708
40712
40714
40716
40722
40724
40728
40732
40734
40738
40744
40750
40754
40758
40760
40764
40766
40770
40772
40774
40778
40782
40786
40790
40800
40802
40804
40806
40808
40814
40816
40818
40820
40822
40824
40826
40830
40832
40834
40836
40838
40842
40844
40858
40860
40868
40874
40876
40880
40882
40884
40886
40888
40890
40892
40894
40898
40902
40904
40906
40908
40910
40912
40914
40916
40918
40920
40922
40924
40936
40940
40941
40945
40951
40953
40955
40957
40961
40965
40967
40971
40973
40975
40983
40985
41055
41057
41063
41073
41075
41077
41079
41081
41083
41093
41095
41097
41101
41103
41107
41121
41123
41125
41131
41135
41141
41143
41145
41147
41149
41155
41165
41167
41169
41173
41179
41181
41193
41195
41201
41205
41209
41213
41217
41221
41225
41229
41233
41237
41241
41245
41247
41249
41255
41259
41261
41271
41273
41275
41277
41279
41281
41285
41287
41295
41299
41303
41305
41307
41309
41311
41313
41315
41317
41319
41321
41323
41325
41327
41329
41331
41333
41337
41339
41341
41343
41347
41351
41355
41359
41363
41365
41369
41371
41377
41379
41381
41383
41385
41415
41447
41455
41457
41471
41475
41477
41479
41483
41485
41491
41493
41495
41499
41503
41507
41511
41513
41519
41521
41523
41525
41527
41531
41533
41535
41537
41539
41541
41543
41545
41547
41549
41551
41553
41557
41571
41575
41577
41579
41581
41585
41589
41591
41603
41605
41607
41609
41613
41615
41617
41619
41621
41623
41625
41641
41649
41657
41663
41665
41667
41669
41671
41675
41679
41681
41685
41689
41693
41697
41701
41705
41709
41711
41713
41715
41717
41719
41723
41725
41727
41729
41731
41749
41751
41753
41761
41763
41767
41769
41771
41777
41779
41791
41793
41795
41797
41799
41801
41805
41811
41823
41829
41831
41833
41835
41837
41839
41843
41847
41851
41853
41855
41857
41859
41865
41867
41871
41873
41879
41881
41883
41889
41891
41895
41897
41899
41901
41903
41905
41907
41909
41911
41915
41917
41919
41921
41925
41927
41929
41931
41935
41937
41939
41943
41947
41949
41953
41961
41963
41965
41969
41973
41977
41981
41985
41989
41993
41997
42001
42003
42009
42013
42017
42019
42023
42027
42031
42035
42039
42043
42047
42049
42053
42059
42061
42065
42067
42069
42071
42073
42077
42081
42085
42089
42093
42097
42101
42105
42107
42111
42113
42121
42125
42129
42131
42133
42135
42137
42139
42141
42143
42145
42147
42149
42151
42153
42155
42157
42159
42161
42163
42165
42167
42169
42171
42173
42179
42189
42191
42195
42197
42199
42205
42207
42209
42211
42213
42215
42217
42221
42223
42225
42227
42239
42245
42249
42255
42257
42261
42265
42269
42273
42277
42279
42291
42295
42299
42311
42315
42317
42319
42321
42325
42327
42331
42333
42335
42337
42339
42341
42343
42347
42355
42359
42361
42363
42365
42367
42369
42371
42381
42383
42387
42389
42395
42399
42401
42405
42409
42411
42415
42417
42419
42423
42427
42431
42433
42437
42441
42445
42447
42449
42451
42453
42455
42457
42459
42461
42463
42467
42469
42473
42477
42481
42483
42487
42491
42495
42497
42499
42501
42503
42505
42507
42509
42511
42513
42515
42517
42519
42521
42523
42525
42527
42529
42531
42533
42535
42537
42539
42543
42547
42551
42553
42555
42559
42561
42563
42567
42571
42575
42579
42583
42587
42591
42595
42599
42603
42607
42611
42615
42619
42623
42627
42631
42635
42639
42643
42647
42651
42653
42663
42665
42667
42669
42679
42681
42683
42691
42695
42699
42701
42705
42709
42711
42713
42715
42717
42719
42721
42725
42727
42731
42735
42739
42743
42747
42749
42767
42771
42775
42779
42783
42785
42795
42799
42801
42803
42805
42809
42813
42817
42825
42835
42839
42841
42845
42851
42855
42857
42859
42861
42865
42867
42873
42875
42877
42885
42889
42899
42901
42903
42911
42921
42927
42931
42935
42939
42951
42955
42961
42965
42967
42971
42977
42989
42993
43003
43006
43015
43018
43021
43024
43042
43045
43047
43049
43051
43055
43059
43077
43079
43129
43141
43145
43147
43149
43151
43153
43155
43159
43167
43169
43173
43175
43179
43197
43199
43201
43203
43205
43207
43209
43211
43213
43215
43217
43221
43223
43227
43229
43233
43235
43237
43241
43243
43245
43249
43257
43259
43261
43263
43265
43267
43269
43273
43275
43277
43279
43285
43287
43289
43293
43295
43299
43305
43307
43309
43311
43315
43329
43341
43345
43353
43355
43357
43359
43371
43373
43375
43377
43379
43385
43387
43389
43393
43395
43401
43405
43409
43411
43413
43415
43417
43419
43423
43425
43429
43431
43433
43435
43439
43443
43445
43447
43449
43451
43453
43455
43457
43459
43461
43463
43465
43467
43471
43477
43479
43481
43483
43485
43487
43491
43493
43507
43509
43513
43517
43521
43523
43527
43531
43535
43549
43553
43557
43559
43561
43563
43565
43567
43569
43573
43577
43581
43585
43589
43593
43597
43601
43605
43609
43613
43615
43619
43621
43625
43629
43631
43633
43637
43642
43648
43654
43660
43663
43669
43681
43684
43687
43690
43693
43696
43699
43705
43711
43714
43720
43726
43732
43738
43741
43768
43771
43774
43777
43780
43783
43786
43789
43792
43795
43798
43801
43804
43807
43810
43813
43819
43822
43825
43828
43831
43834
43837
43840
43843
43849
43852
43855
43858
43861
43864
43867
43870
43876
43879
43882
43885
43888
43891
43894
43900
43903
43907
43909
43911
43913
43915
43917
43919
43921
43923
43927
43929
43931
43933
43937
43939
43941
43943
43951
43953
43957
43959
43963
43967
43969
43971
43975
43977
43981
43985
44005
44009
44011
44015
44019
44021
44023
44025
44027
44029
44031
44033
44035
44037
44039
44041
44043
44045
44051
44057
44059
44061
44063
44065
44067
44069
44071
44073
44075
44077
44079
44081
44083
44087
44089
44091
44093
44097
44099
44101
44107
44111
44115
44117
44119
44121
44125
44127
44131
44137
44139
44141
44145
44149
44161
44165
44169
44173
44177
44183
44187
44191
44195
44207
44209
44211
44213
44215
44217
44221
44223
44227
44231
44233
44235
44237
44239
44241
44243
44245
44247
44251
44253
44255
44257
44259
44263
44267
44271
44275
44279
44281
44283
44287
44289
44291
44293
44295
44297
44299
44301
44303
44305
44307
44309
44311
44313
44315
44317
44319
44321
44323
44325
44329
44333
44335
44337
44339
44341
44343
44345
44347
44349
44365
44371
44373
44375
44377
44379
44381
44385
44387
44397
44399
44411
44415
44417
44421
44423
44427
44431
44433
44435
44437
44439
44441
44447
44449
44455
44457
44459
44461
44463
44467
44471
44475
44477
44481
44483
44487
44491
44499
44503
44505
44509
44511
44513
44517
44521
44523
44525
44527
44529
44535
44537
44541
44543
44561
44563
44565
44567
44569
44571
44581
44583
44585
44587
44589
44591
44593
44595
44597
44623
44629
44633
44637
44639
44641
44643
44649
44651
44653
44655
44657
44659
44661
44663
44665
44667
44669
44671
44673
44675
44679
44681
44685
44687
44689
44691
44693
44695
44697
44699
44701
44703
44705
44707
44709
44711
44713
44715
44717
44723
44727
44731
44735
44737
44741
44743
44745
44747
44749
44751
44753
44755
44757
44759
44761
44763
44765
44767
44769
44771
44773
44775
44777
44779
44781
44785
44787
44789
44791
44793
44795
44797
44799
44801
44803
44805
44809
45212
45213
45215
45217
45219
45220
45221
45227
45229
45230
45231
45232
45233
45234
45236
45238
45239
45240
45242
45244
45245
45248
45249
45250
45251
45252
45253
45255
45257
45258
45259
45260
45261
45262
45263
45264
45265
45266
45267
45268
45269
45270
45271
45272
45273
45274
45275
45276
45277
45278
45279
45280
45281
45282
45283
45284
45285
45286
45287
45288
45289
45290
45291
45292
45293
45294
45295
45297
45299
45300
45301
45302
45303
45304
45310
45321
45325
45326
45327
45330
45331
45332
45333
45335
45337
45338
45339
45341
45342
45343
45344
45345
45346
45347
45354
45355
45356
45357
45358
45359
45365
45367
45368
45369
45371
45372
45382
45389
45390
45391
45392
45393
45394
45395
45396
45397
45398
45399
45400
45401
45402
45403
45404
45405
45406
45407
45408
45409
45410
45411
45412
45413
45420
45421
45422
45423
45424
45425
45426
45427
45428
45429
45430
45431
45432
45433
45434
45435
45436
45437
45439
45441
45442
45443
45444
45445
45446
45447
45448
45449
45450
45451
45453
45462
45463
45481
45483
45485
45486
45487
45488
45489
45490
45491
45492
45499
45500
45501
45504
45505
45506
45507
45508
45509
45510
45511
45514
45515
45516
45517
45518
45519
45521
45522
45523
45524
45527
45529
45531
45532
45533
45535
45537
45538
45539
45541
45542
45544
45545
45546
45547
45551
45554
45555
45557
45559
45564
45568
45569
45570
45571
45572
45573
45574
45575
45577
45579
45584
45586
45587
45588
45590
45591
45592
45593
45594
45595
45596
45597
45598
45602
45603
45604
45605
45608
45609
45612
45613
45614
45616
45617
45618
45621
45623
45624
45625
45633
45634
45638
45640
45641
45642
45643
45644
45645
45646
45648
45649
45651
45655
45657
45658
45659
45660
45661
45662
45663
45664
45665
45666
45667
45668
45669
45670
45671
45672
45673
45674
45675
45676
45677
45678
45679
45680
45681
45682
45683
45684
45685
45687
45688
45689
45690
45691
45692
45693
45698
45699
45701
45702
45704
45705
45706
45707
45708
45709
45710
45711
45712
45713
45714
45715
45716
45718
45719
45720
45721
45722
45723
45724
45725
45726
45727
45728
45729
45730
45732
45733
45734
45735
45736
45738
45739
45742
45743
45744
45745
45746
45747
45748
45749
45750
45751
45752
45753
45754
45756
45758
45759
45760
45761
45767
45768
45770
45771
45773
45774
45776
45777
45779
45780
45781
45783
45784
45785
45786
45788
45790
45791
45792
45793
45794
45795
45797
45798
45799
45800
45802
45803
45804
45805
45806
45807
45808
45809
45810
45811
45812
45814
45815
45816
45818
45819
45820
45821
45822
45823
45824
45825
45826
45827
45828
45829
45830
45831
45832
45833
45834
45835
45836
45837
45838
45839
45840
45841
45842
45843
45844
45845
45846
45848
45849
45850
45851
45852
45854
45855
45856
45857
45858
45860
45862
45863
45865
45866
45870
45872
45873
45874
45876
45877
45878
45879
45880
45881
45882
45883
45884
45885
45886
45887
45889
45890
45891
45892
45894
45895
45896
45897
45898
45899
45900
45901
45902
45903
45904
45905
45906
45907
45908
45909
45910
45911
45912
45913
45914
45915
45916
45917
45918
45919
45920
45921
45922
45923
45924
45925
45926
45928
45929
45930
45931
45932
45933
45934
45935
45936
45937
45938
45939
45940
45941
45942
45943
45944
45945
45946
45947
45948
45949
45950
45951
45952
45953
45954
45955
45956
45957
45958
45959
45961
45963
45964
45965
45966
45967
45968
45969
45970
45971
45972
45973
45974
45975
45976
45977
45978
45979
45981
45982
45983
45984
45986
45987
45988
45989
45990
45991
45992
45994
45996
45998
45999
46001
46003
46004
46005
46007
46008
46009
46011
46012
46013
46014
46015
46017
46019
46020
46021
46022
46023
46024
46025
46028
46029
46030
46031
46032
46033
46034
46035
46037
46038
46039
46040
46041
46042
46043
46044
46045
46046
46047
46048
46050
46051
46052
46053
46055
46056
46057
46058
46059
46060
46061
46062
46063
46064
46065
46066
46067
46068
46069
46071
46072
46073
46074
46075
46076
46077
46078
46079
46080
46081
46082
46084
46086
46087
46088
46089
46090
46091
46595
46597
46598
46599
46600
46601
46602
46603
46604
46605
46606
46607
46608
46609
46611
46612
46613
46614
46615
46616
46617
46618
46619
46620
46621
46622
46623
46624
46625
46626
46627
46628
46629
46630
46631
46632
46633
46634
46635
46638
46639
46640
46641
46643
46644
46645
46646
46648
46649
46650
46651
46653
46654
46655
46656
46657
46658
46661
46662
46663
46664
46665
46666
46667
46668
46669
46670
46671
46672
46673
46674
46675
46677
46679
46680
46681
46682
46683
46684
46685
46686
46687
46688
46689
46690
46691
46692
46693
46694
46695
46696
46697
46698
46700
46701
46702
46703
46704
46705
46706
46707
46708
46709
46710
46711
46712
46713
46714
46715
46716
46717
46718
46719
46720
46721
46725
46726
46727
46729
46731
46732
46733
46734
46735
46736
46737
46738
46742
46743
46744
46745
46746
46748
46750
46751
46752
46753
46754
46756
46757
46758
46759
46760
46762
46763
46764
46765
46766
46767
46768
46769
46770
46771
46772
46773
46774
46775
46777
46778
46779
46780
46781
46782
46783
46784
46785
46786
46787
46788
46789
46790
46791
46792
46793
46794
46795
46796
46797
46798
46799
46800
46801
46802
46803
46805
46807
46808
46809
46811
46812
46813
46814
46815
46816
46818
46819
46822
46823
46824
46825
46827
46828
46829
46830
46832
46833
46838
46839
46840
46841
46842
46843
46844
46845
46846
46847
46848
46849
46850
46851
46852
46853
46854
46855
46856
46857
46858
46859
46860
46861
46866
46867
46868
46869
46870
46871
46873
46874
46875
46876
46878
46880
46881
46882
46883
46884
46885
46886
46887
46888
46889
46890
46891
46892
46893
46894
46895
46896
46897
46898
46899
46900
46901
46902
46904
46905
46906
46907
46908
46909
46910
46911
46912
46913
46914
46915
46916
46917
46918
46919
46920
46921
46922
46923
46924
46925
46926
46927
46928
46929
46930
46931
46932
46933
46934
46935
46936
46937
46938
46939
46940
46941
46942
46943
46944
46945
46946
46947
46948
46949
46950
46951
46952
46954
46956
46957
46958
46959
46960
46961
46962
46963
46964
46965
46966
46967
46968
46969
46970
46971
46972
46973
46974
46975
46976
46977
46978
46980
46981
46982
46983
46984
46985
46986
46987
46988
46990
46991
46992
46993
46994
46998
47000
47004
47006
47007
47008
47010
47011
47012
47013
47015
47016
47017
47018
47019
47020
47021
47022
47023
47024
47025
47026
47027
47028
47029
47030
47031
47032
47033
47034
47035
47036
47037
47038
47039
47040
47041
47042
47043
47048
47049
47050
47051
47052
47053
47055
47056
47057
47058
47061
47062
47063
47064
47065
47066
47067
47068
47069
47070
47071
47072
47073
47074
47075
47077
47078
47079
47087
47088
47089
47090
47091
47092
47093
47094
47097
47098
47099
47100
47101
47102
47103
47104
47106
47107
47108
47109
47110
47111
47113
47114
47115
47116
47117
47118
47119
47120
47121
47122
47123
47125
47126
47127
47128
47129
47130
47131
47132
47133
47134
47135
47136
47137
47138
47140
47141
47142
47143
47144
47145
47146
47147
47149
47150
47151
47152
47153
47154
47155
47156
47157
47158
47159
47160
47161
47162
47163
47164
47165
47168
47170
47171
47172
47173
47174
47175
47177
47178
47179
47180
47181
47196
47197
47198
47199
47200
47201
47203
47205
47206
47207
47208
47209
47210
47211
47212
47213
47214
47215
47216
47217
47218
47219
47220
47221
47222
47223
47229
47235
47236
47237
47238
47239
47240
47241
47242
47247
47248
47249
47256
47260
47261
47262
47263
47264
47265
47266
47269
47273
47274
47275
47276
47277
47278
47279
47281
47283
47284
47285
47286
47287
47288
47290
47292
47293
47294
47295
47296
47297
47298
47299
47300
47301
47302
47308
47316
47317
47318
47319
47320
47321
47322
47323
47324
47326
47327
47328
47329
47331
47332
47334
47335
47337
47340
47343
47345
47347
47348
47349
47350
47351
47354
47355
47356
47357
47358
47359
47360
47361
47362
47366
47369
47374
47376
47378
47379
47380
47382
47383
47384
47385
47386
47387
47389
47390
47391
47392
47393
47394
47395
47397
47398
47400
47402
47403
47404
47405
47409
47411
47412
47415
47416
47417
47418
47419
47421
47424
47425
47426
47427
47430
47431
47432
47433
47434
47437
47439
47440
47441
47442
47443
47444
47445
47447
47449
47450
47451
47452
47454
47456
47460
47462
47464
47466
47468
47470
47472
47474
47476
47478
47480
47482
47484
47486
47488
47490
47492
47494
47498
47519
47520
47521
47526
47527
47528
47530
47531
47533
47535
47536
47537
47538
47540
47542
47543
47544
47546
47547
47548
47549
47550
47551
47552
47553
47555
47556
47557
47559
47563
47564
47565
47567
47568
47569
47571
47572
47573
47575
47577
47579
47580
47581
47582
47583
47584
47585
47586
47587
47588
47589
47590
47591
47592
47593
47594
47595
47596
47597
47598
47599
47600
47601
47602
47603
47604
47605
47606
47607
47609
47612
47614
47616
47617
47619
47620
47622
47624
47627
47628
47629
47630
47631
47632
47633
47634
47635
47636
47660
47661
47662
47663
47664
47665
47666
47667
47668
47669
47670
47671
47673
47693
47694
47695
47697
47698
47700
47701
47702
47703
47704
47705
47706
47707
47708
47710
47711
47712
47713
47714
47715
47717
47719
47723
47724
47725
47726
47727
47728
47729
47730
47731
47736
47737
47738
47748
47751
47752
47753
47756
47758
47759
47760
47761
47762
47763
47764
47765
47766
47767
47768
47772
47773
47774
47775
47776
47777
47778
47779
47780
47781
47783
47784
47785
47786
47787
47789
47793
47794
47797
47798
47799
47800
47805
47806
47808
47809
47810
47811
47813
47814
47816
47817
47820
47821
47822
47823
47824
47825
47826
47827
47828
47829
47830
47831
47832
47833
47834
47835
47836
47837
47838
47839
47840
47841
47842
47843
47844
47845
47846
47847
47848
47849
47850
47851
47852
47853
47854
47855
47856
47861
47862
47866
47867
47868
47869
47870
47871
47872
47873
47874
47875
47876
47877
47878
47879
47880
47882
47883
47885
47886
47888
47890
47892
47893
47894
47895
47896
47897
47898
47899
47900
47901
47903
47905
47906
47907
47908
47916
47917
47920
47921
47923
47924
47925
47926
47927
47928
47929
47930
47931
47932
47933
47934
47935
47936
47937
47938
47940
47941
47942
47943
47944
47945
47946
47947
47948
47949
47950
47951
47952
47953
47954
47955
47956
47958
47959
47965
47975
47985
47986
47987
47988
47989
47990
47991
47992
47993
47996
47997
47998
47999
48000
48001
48002
48004
48005
48006
48007
48008
48009
48010
48011
48014
48015
48016
48017
48018
48019
48020
48022
48023
48024
48025
48026
48027
48028
48029
48030
48031
48032
48033
48034
48035
48036
48037
48038
48039
48044
48045
48046
48050
48051
48053
48054
48055
48056
48057
48058
48059
48060
48061
48062
48065
48069
48072
48073
48074
48076
48078
48079
48082
48083
48084
48085
48086
48089
48090
48091
48092
48093
48094
48095
48096
48097
48098
48099
48100
48101
48102
48103
48104
48105
48106
48108
48109
48110
48111
48112
48113
48115
48116
48117
48118
48130
48135
48137
48139
48141
48143
48145
48146
48147
48148
48150
48151
48152
48153
48154
48158
48159
48160
48162
48164
48165
48166
48168
48170
48173
48174
48176
48177
48178
48180
48181
48184
48186
48187
48188
48190
48191
48192
48195
48197
48198
48199
48201
48202
48203
48208
48210
48211
48212
48213
48215
48217
48218
48226
48247
48249
48250
48252
48253
48254
48255
48256
48257
48258
48259
48260
48261
48262
48263
48264
48275
48279
48281
48283
48284
48285
48286
48287
48289
48291
48292
48293
48294
48295
48297
48298
48299
48300
48301
48302
48303
48304
48305
48306
48309
48310
48311
48312
48313
48316
48317
48320
48321
48323
48324
48325
48326
48327
48328
48329
48330
48331
48332
48336
48338
48341
48342
48343
48344
48345
48346
48348
48349
48350
48352
48353
48354
48355
48356
48357
48360
48361
48362
48364
48365
48366
48367
48368
48369
48371
48372
48373
48374
48375
48377
48379
48381
48383
48384
48386
48387
48392
48393
48395
48399
48400
48401
48402
48403
48404
48405
48406
48407
48415
48416
48417
48418
48419
48420
48421
48422
48423
48424
48425
48426
48427
48428
48429
48430
48432
48434
48435
48436
48437
48438
48439
48440
48441
48442
48448
48449
48450
48452
48455
48457
48458
48459
48460
48461
48462
48463
48464
48465
48466
48467
48468
48469
48470
48472
48475
48478
48479
48480
48481
48482
48483
48485
48487
48488
48489
48491
48493
48494
48495
48497
48498
48504
48505
48506
48507
48512
48514
48515
48517
48519
48520
48521
48522
48524
48525
48526
48527
48530
48532
48534
48535
48536
48538
48540
48541
48542
48543
48544
48546
48547
48548
48550
48551
48552
48553
48554
48560
48562
48564
48566
48568
48571
48573
48581
48588
48589
48590
48591
48594
48595
48597
48614
48617
48618
48619
48620
48621
48622
48623
48624
48626
48627
48634
48641
48644
48645
48648
48649
48650
48651
48653
48655
48656
48658
48661
48662
48665
48666
48667
48668
48669
48670
48671
48674
48675
48677
48678
48679
48680
48681
48682
48683
48684
48685
48686
48687
48688
48689
48690
48691
48695
48696
48697
48699
48700
48701
48702
48704
48705
48706
48707
48708
48709
48711
48713
48716
48717
48724
48725
48727
48728
48729
48730
48732
48733
48738
48739
48740
48741
48742
48743
48745
48746
48747
48749
48750
48752
48755
48758
48759
48760
48761
48762
48763
48764
48765
48766
48767
48768
48769
48770
48771
48772
48773
48775
48776
48779
48781
48782
48783
48784
48787
48788
48790
48791
48793
48796
48798
48799
48800
48801
48802
48804
48805
48806
48807
48808
48809
48810
48812
48813
48815
48816
48817
48818
48819
48820
48821
48822
48823
48824
48826
48827
48828
48829
48830
48831
48832
48833
48835
48836
48837
48838
48839
48840
48841
48842
48843
48844
48845
48846
48849
48852
48853
48854
48855
48857
48861
48862
48864
48865
48866
48867
48868
48869
48870
48871
48872
48873
48874
48875
48876
48877
48878
48879
48880
48881
48882
48883
48884
48885
48886
48887
48888
48889
48890
48891
48892
48893
48894
48901
48903
48904
48905
48906
48907
48908
48911
48917
48918
48920
48922
48924
48925
48926
48928
48929
48930
48931
48932
48933
48934
48935
48936
48937
48939
48940
48942
48943
48944
48945
48946
48947
48948
48949
48950
48964
48965
48970
48971
48972
48973
48974
48979
48983
48984
48985
48986
48987
48988
48989
48990
48991
48992
48993
48994
48995
48996
48997
48998
48999
49000
49001
49006
49007
49008
49009
49010
49011
49012
49014
49015
49016
49017
49018
49019
49020
49021
49022
49023
49024
49025
49026
49027
49028
49029
49032
49033
49034
49036
49037
49038
49039
49040
49041
49042
49043
49044
49045
49046
49047
49048
49050
49053
49055
49056
49057
49059
49060
49061
49062
49063
49064
49065
49067
49068
49069
49070
49071
49072
49074
49075
49076
49077
49078
49079
49080
49081
49088
49089
49091
49092
49094
49095
49096
49097
49098
49099
49100
49101
49102
49103
49104
49105
49106
49107
49108
49109
49110
49111
49112
49113
49114
49115
49116
49117
49118
49119
49120
49121
49122
49123
49124
49125
49126
49127
49128
49129
49130
49131
49132
49134
49135
49136
49138
49139
49140
49141
49142
49144
49145
49146
49148
49149
49150
49151
49152
49153
49154
49155
49160
49161
49162
49164
49165
49166
49167
49168
49169
49170
49171
49172
49173
49174
49175
49176
49177
49178
49179
49181
49182
49183
49184
49185
49186
49187
49188
49189
49190
49191
49192
49193
49198
49199
49200
49201
49202
49203
49205
49206
49208
49209
49211
49212
49213
49216
49217
49218
49221
49222
49223
49224
49225
49227
49230
49231
49232
49233
49234
49235
49236
49237
49239
49240
49241
49243
49244
49245
49246
49247
49248
49249
49251
49252
49253
49254
49255
49256
49264
49266
49269
49270
49271
49272
49273
49275
49277
49278
49283
49284
49285
49287
49290
49291
49292
49295
49296
49299
49302
49303
49304
49306
49308
49309
49311
49315
49317
49320
49321
49323
49325
49326
49327
49329
49330
49334
49335
49336
49339
49340
49343
49347
49350
49354
49355
49360
49362
49363
49366
49367
49368
49369
49378
49380
49381
49382
49383
49384
49385
49386
49387
49390
49391
49392
49393
49394
49395
49397
49398
49400
49401
49402
49404
49405
49406
49407
49409
49410
49412
49413
49414
49415
49416
49418
49419
49420
49422
49424
49425
49426
49427
49428
49430
49431
49432
49433
49434
49435
49437
49438
49439
49440
49442
49443
49446
49447
49448
49454
49455
49458
49462
49463
49465
49466
49468
49469
49471
49472
49473
49474
49475
49476
49478
49479
49480
49481
49483
49485
49487
49488
49489
49490
49491
49492
49494
49495
49496
49498
49499
49500
49501
49502
49503
49504
49516
49517
49518
49519
49522
49523
49525
49528
49530
49531
49532
49534
49536
49537
49539
49541
49543
49544
49546
49551
49554
49555
49556
49557
49559
49560
49561
49562
49563
49564
49565
49566
49588
49590
49591
49593
49594
49595
49596
49597
49599
49600
49601
49602
49603
49604
49605
49606
49607
49608
49609
49610
49611
49612
49613
49614
49615
49616
49617
49618
49619
49620
49621
49623
49624
49627
49628
49629
49630
49632
49633
49634
49635
49637
49638
49639
49640
49641
49642
49643
49644
49645
49646
49647
49648
49649
49650
49651
49652
49653
49654
49655
49656
49657
49658
49659
49660
49661
49662
49663
49664
49665
49666
49667
49668
49669
49670
49671
49672
49673
49674
49676
49677
49679
49680
49681
49685
49686
49687
49688
49689
49690
49691
49692
49695
49696
49699
49701
49703
49705
49711
49712
49713
49714
49715
49721
49726
49728
49730
49733
49736
49737
49738
49739
49740
49741
49742
49743
49744
49745
49746
49747
49748
49749
49750
49751
49752
49753
49754
49756
49758
49760
49761
49762
49763
49764
49765
49766
49768
49770
49777
49797
49799
49803
49809
49810
49811
49812
49814
49815
49816
49817
49819
49820
49827
49835
49882
50212
50213
50214
50215
50216
50217
50218
50219
50220
50221
50222
50223
50224
50225
50226
50227
50228
50229
50230
50231
50232
50235
50236
50237
50239
50240
50244
50245
50246
50247
50248
50249
50250
50251
50252
50253
50254
50255
50256
50257
50258
50259
50261
50262
50264
50265
50266
50267
50268
50269
50270
50271
50272
50273
50277
50283
50286
50290
50292
50293
50295
50296
50298
50299
50300
50314
50319
50332
50333
50337
50339
50340
50350
50352
50363
50364
50366
50369
50370
50371
50372
50373
50374
50377
50391
50395
50405
50407
50410
50411
50412
50413
50419
50422
50424
50428
50430
50431
50439
50440
50444
50445
50447
50450
50452
50457
50458
50459
50460
50461
50466
50467
50469
50470
50474
50475
50476
50477
50478
50479
50480
50481
50482
50487
50501
50508
50509
50510
50514
50517
50518
50519
50521
50524
50525
50526
50527
50528
50537
50538
50539
50540
50543
50551
50552
50553
50554
50556
50566
50567
50569
50570
50573
50595
50596
50597
50598
50599
50600
50601
50602
50603
50604
50607
50608
50609
50610
50611
50613
50615
50616
50617
50618
50619
50620
50622
50623
50624
50630
50631
50632
50633
50634
50637
50639
50640
50641
50642
50643
50644
50646
50647
50648
50651
50652
50653
50654
50655
50657
50658
50659
50660
50662
50664
50665
50666
50667
50668
50670
50676
50679
50682
50683
50684
50687
50688
50689
50690
50691
50693
50694
50695
50696
50697
50699
50700
50701
50702
50703
50704
50705
50706
50708
50710
50711
50712
50714
50715
50716
50717
50721
50741
50745
50746
50749
50752
50754
50755
50756
50758
50759
50760
50762
50763
50764
50766
50767
50768
50772
50780
50784
50785
50786
50789
50790
50793
50794
50796
50797
50807
50808
50809
50810
50812
50813
50817
50818
50819
50820
50821
50822
50823
50824
50825
50826
50827
50829
50830
50831
50832
50833
50836
50837
50838
50839
50840
50842
50844
50845
50846
50847
50848
50850
50851
50852
50853
50854
50855
50856
50857
50859
50860
50862
50863
50865
50866
50868
50871
50872
50873
50875
50879
50884
50885
50886
50887
50888
50889
50893
50894
50895
50896
50902
50903
50904
50906
50909
50911
50913
50915
50916
50917
50918
50919
50925
50926
50929
50930
50931
50932
50934
50935
50936
50939
50942
50947
50948
50949
50950
50952
50954
50955
50957
50959
50960
50961
50966
50967
50968
50969
50970
50976
50979
50982
50983
50984
50985
50986
50987
50990
50994
50995
50997
50999
51000
51003
51004
51006
51007
51009
51011
51012
51016
51022
51023
51028
51029
51031
51032
51033
51034
51041
51043
51044
51045
51046
51047
51048
51054
51055
51056
51057
51059
51060
51062
51064
51067
51069
51070
51071
51072
51074
51081
51082
51083
51084
51085
51086
51087
51089
51091
51092
51093
51095
51096
51099
51101
51102
51103
51108
51118
51119
51121
51122
51124
51126
51127
51129
51130
51131
51136
51137
51142
51144
51145
51150
51151
51152
51153
51156
51157
51158
51159
51161
51162
51163
51164
51165
51166
51175
51176
51177
51179
51184
51185
51188
51189
51191
51193
51194
51196
51197
51198
51199
51201
51205
51212
51213
51214
51219
51225
51227
51228
51230
51231
51232
51233
51235
51236
51237
51238
51239
51240
51241
51242
51243
51244
51245
51246
51247
51248
51253
51254
51255
51258
51259
51261
51262
51263
51264
51265
51270
51271
51274
51277
51281
51282
51285
51286
51287
51288
51289
51292
51298
51300
51302
51303
51306
51308
51313
51314
51315
51316
51317
51318
51319
51324
51326
51327
51328
51330
51331
51334
51337
51338
51342
51343
51345
51349
51350
51352
51358
51359
51360
51361
51362
51363
51364
51365
51366
51367
51370
51371
51375
51376
51378
51380
51383
51384
51386
51388
51389
51390
51391
51395
51396
51397
51398
51399
51400
51401
51402
51403
51406
51407
51409
51411
51413
51414
51415
51416
51417
51418
51419
51420
51421
51422
51423
51425
51427
51429
51431
51433
51434
51437
51439
51440
51441
51442
51443
51444
51445
51446
51449
51451
51452
51453
51454
51456
51457
51458
51462
51464
51466
51473
51474
51475
51476
51479
51481
51482
51484
51487
51488
51489
51490
51491
51492
51494
51495
51496
51497
51498
51499
51500
51501
51502
51507
51508
51509
51510
51517
51518
51519
51520
51521
51522
51523
51525
51529
51530
51532
51537
51540
51542
51544
51547
51548
51549
51550
51551
51552
51553
51554
51560
51561
51562
51563
51565
51569
51574
51576
51585
51587
51588
51600
51601
51603
51607
51609
51617
51621
51622
51623
51624
51625
51626
51628
51630
51631
51632
51636
51637
51638
51639
51641
51642
51643
51644
51645
51646
51647
51653
51654
51655
51656
51657
51658
51659
51661
51662
51664
51665
51666
51667
51668
51669
51670
51671
51672
51673
51674
51675
51676
51677
51680
51681
51683
51685
51686
51687
51689
51690
51691
51693
51694
51695
51696
51700
51703
51705
51706
51707
51708
51709
51713
51714
51715
51716
51717
51718
51721
51722
51723
51731
51732
51733
51734
51742
51743
51744
51745
51746
51747
51748
51749
51750
51751
51752
51753
51754
51756
51757
51758
51759
51760
51761
51762
51763
51764
51765
51769
51770
51772
51773
51775
51776
51777
51778
51783
51784
51785
51787
51788
51790
51791
51792
51796
51797
51798
51799
51800
51802
51804
51806
51807
51811
51812
51813
51821
51822
51823
51824
51828
51829
51832
51833
51835
51836
51837
51838
51839
51850
51852
51854
51855
51856
51858
51860
51861
51862
51865
51875
51876
51879
51880
51881
51884
51886
51887
51888
51890
51893
51894
51895
51896
51900
51901
51902
51903
51904
51905
51906
51908
51917
51918
51919
51921
51924
51925
51926
51927
51928
51929
51938
51939
51941
51942
51943
51944
51945
51948
51949
51950
51951
51952
51953
51954
51955
51956
51957
51958
51959
51960
51961
51962
51963
51964
51965
51966
51967
51968
51969
51970
51971
51972
51973
51974
51975
51976
51977
51978
51979
51980
51981
51982
51983
51984
51985
51986
51987
51988
51989
51990
51991
51992
51993
51994
51995
51996
51997
51998
51999
52001
52002
52003
52004
52005
52006
52007
52008
52009
52010
52012
52013
52014
52015
52016
52017
52018
52019
52020
52022
52023
52024
52025
52027
52033
52034
52035
52036
52037
52038
52039
52040
52041
52043
52046
52048
52049
52055
52057
52058
52059
52060
52061
52063
52064
52065
52068
52069
52071
52072
52074
52075
52076
52077
52078
52080
52081
52082
52083
52084
52085
52086
52089
52090
52092
52095
52098
52100
52102
52103
52104
52109
52110
52111
52112
52113
52114
52115
52116
52117
52118
52119
52120
52121
52122
52125
52126
52127
52128
52129
52130
52131
52133
52134
52135
52136
52137
52138
52139
52142
52143
52144
52145
52146
52148
52150
52151
52152
52154
52155
52156
52159
52161
52163
52165
52166
52167
52168
52170
52171
52172
52174
52175
52177
52179
52180
52183
52184
52185
52188
52189
52192
52195
52196
52197
52198
52202
52207
52210
52212
52213
52214
52217
52218
52219
52220
52221
52222
52223
52226
52228
52229
52230
52231
52233
52234
52235
52236
52237
52238
52239
52241
52242
52244
52245
52246
52247
52248
52256
52257
52259
52262
52263
52264
52266
52267
52268
52269
52270
52272
52274
52275
52276
52277
52278
52279
52280
52281
52282
52283
52284
52285
52286
52288
52289
52290
52291
52292
52293
52294
52295
52296
52297
52298
52299
52300
52301
52302
52303
52304
52305
52306
52307
52308
52310
52311
52312
52313
52316
52317
52387
52388
52389
52394
52395
52399
52400
52401
52402
52403
52404
52405
52406
52407
52409
52426
52444
52452
52457
52459
52460
52463
52464
52465
52466
52467
52476
52477
52479
52480
52481
52482
52483
52484
52485
52486
52487
52488
52489
52490
52491
52492
52493
52494
52495
52496
52498
52500
52501
52502
52504
52505
52506
52507
52509
52510
52511
52514
52516
52518
52519
52520
52522
52523
52527
52528
52531
52532
52533
52534
52535
52536
52537
52539
52540
52541
52542
52543
52544
52545
52547
52548
52549
52552
52553
52554
52555
52556
52557
52558
52559
52560
52561
52562
52563
52564
52565
52566
52567
52568
52569
52570
52571
52572
52573
52574
52576
52578
52579
52580
52581
52582
52583
52584
52585
52586
52587
52588
52589
52590
52591
52592
52593
52594
52596
52597
52598
52599
52600
52601
52602
52603
52604
52605
52606
52607
52608
52609
52610
52611
52612
52613
52614
52615
52616
52617
52618
52619
52621
52622
52623
52624
52625
52626
52627
52629
52630
52631
52632
52633
52634
52635
52636
52637
52638
52639
52640
52641
52642
52643
52646
52647
52648
52649
52650
52651
52652
52653
52654
52655
52656
52657
52658
52659
52660
52661
52663
52664
52665
52666
52667
52668
52669
52670
52671
52672
52673
52674
52675
52676
52677
52678
52679
52680
52681
52682
52683
52684
52685
52686
52692
52693
52694
52695
52696
52697
52698
52699
52700
52701
52702
52703
52704
52705
52706
52707
52708
52709
52711
52713
52714
52715
52716
52717
52718
52720
52721
52722
52725
52727
52729
52730
52731
52732
52733
52734
52735
52737
52739
52741
52742
52743
52744
52745
52746
52747
52748
52749
52750
52751
52756
52757
52758
52759
52760
52761
52762
52764
52765
52766
52767
52768
52769
52770
52771
52772
52773
52774
52775
52776
52777
52779
52780
52781
52782
52783
52784
52785
52786
52787
52788
52789
52790
52791
52792
52793
52794
52797
52798
52799
52800
52801
52802
52803
52804
52805
52806
52807
52808
52809
52810
52811
52812
52813
52814
52816
52818
52819
52820
52821
52822
52823
52824
52825
52826
52827
52828
52829
52830
52831
52832
52833
52835
52836
52837
52838
52839
52840
52847
52848
52849
52850
52851
52852
52853
52854
52855
52856
52857
52858
52859
52860
52861
52862
52863
52864
52865
52866
52867
52868
52869
52870
52871
52872
52873
52874
52875
52876
52877
52879
52885
52886
52887
52888
52889
52890
52891
52892
52893
52894
52895
52896
52897
52898
52899
52902
52904
52905
52906
52908
52909
52910
52911
52912
52915
52916
52917
52918
52919
52920
52922
52923
52924
52925
52926
52927
52928
52929
52930
52931
52932
52933
52935
52938
52939
52940
52941
52945
52949
52952
52953
52954
52959
52965
52966
52967
52968
52969
52970
52971
52973
52974
52975
52976
52977
52978
52979
52980
52981
52982
52983
52984
52985
52987
52988
52989
52990
52991
52992
52993
52994
52995
52996
52997
52998
52999
53000
53001
53003
53004
53005
53006
53007
53008
53009
53012
53014
53024
53026
53027
53028
53029
53030
53035
53037
53038
53039
53041
53044
53045
53046
53047
53048
53051
53054
53057
53065
53068
53071
53075
53077
53080
53082
53083
53085
53086
53090
53091
53093
53094
53095
53096
53097
53098
53101
53103
53104
53105
53106
53107
53110
53115
53119
53120
53121
53122
53123
53124
53126
53127
53130
53132
53134
53135
53137
53138
53139
53140
53141
53143
53145
53146
53148
53149
53151
53153
53155
53157
53159
53160
53161
53163
53164
53165
53166
53168
53169
53170
53171
53172
53173
53174
53175
53180
53181
53183
53184
53185
53186
53187
53194
53195
53201
53202
53204
53205
53206
53210
53243
53245
53259
53260
53261
53289
53316
53347
53355
53366
53369
53371
53373
53375
53381
53386
53417
53450
53457
53458
53460
53463
53464
53465
53466
53467
53468
53469
53470
53471
53472
53473
53474
53478
53479
53480
53482
53486
53487
53488
53489
53494
53495
53499
53500
53501
53502
53503
53504
53506
53507
53508
53510
53511
53512
53513
53514
53516
53517
53520
53521
53522
53524
53525
53526
53531
53532
53538
53539
53540
53541
53542
53543
53544
53545
53546
53547
53548
53550
53551
53552
53554
53555
53556
53559
53562
53564
53567
53568
53569
53570
53571
53573
53575
53581
53583
53584
53585
53586
53588
53593
53594
53596
53597
53599
53602
53603
53604
53606
53607
53608
53609
53610
53615
53616
53624
53625
53627
53628
53629
53630
53631
53635
53657
53658
53744
53862
53864
53865
53869
53870
53873
53874
53875
53876
53877
53878
53879
53880
53882
53884
53885
53886
53887
53889
53890
53891
53895
53897
53899
53905
53906
53909
53910
53911
53912
53913
53914
53915
53928
53929
53931
53932
53933
53934
53935
53939
53945
53946
53947
53948
53950
